[DEBUG  ] 2024-01-18 10:41:21.872 [main] InternalWorkbook - Workbook (readfile) created with reclen=103
[TRACE  ] 2024-01-18 10:41:21.880 [main] InternalWorkbook - found (sid=2057) record at 0
[TRACE  ] 2024-01-18 10:41:21.881 [main] InternalWorkbook - found (sid=66) record at 1
[TRACE  ] 2024-01-18 10:41:21.881 [main] InternalWorkbook - found tabid record at 2
[TRACE  ] 2024-01-18 10:41:21.881 [main] InternalWorkbook - found WindowOneRecord record at 3
[TRACE  ] 2024-01-18 10:41:21.881 [main] InternalWorkbook - found backup record at 4
[TRACE  ] 2024-01-18 10:41:21.881 [main] InternalWorkbook - found (sid=141) record at 5
[TRACE  ] 2024-01-18 10:41:21.882 [main] InternalWorkbook - found datewindow1904 record at 6
[TRACE  ] 2024-01-18 10:41:21.882 [main] InternalWorkbook - found (sid=14) record at 7
[TRACE  ] 2024-01-18 10:41:21.882 [main] InternalWorkbook - found (sid=439) record at 8
[TRACE  ] 2024-01-18 10:41:21.882 [main] InternalWorkbook - found (sid=218) record at 9
[TRACE  ] 2024-01-18 10:41:21.882 [main] InternalWorkbook - found font record at 10
[TRACE  ] 2024-01-18 10:41:21.883 [main] InternalWorkbook - found font record at 11
[TRACE  ] 2024-01-18 10:41:21.883 [main] InternalWorkbook - found font record at 12
[TRACE  ] 2024-01-18 10:41:21.883 [main] InternalWorkbook - found font record at 13
[TRACE  ] 2024-01-18 10:41:21.883 [main] InternalWorkbook - found font record at 14
[TRACE  ] 2024-01-18 10:41:21.883 [main] InternalWorkbook - found font record at 15
[TRACE  ] 2024-01-18 10:41:21.883 [main] InternalWorkbook - found XF record at 16
[TRACE  ] 2024-01-18 10:41:21.884 [main] InternalWorkbook - found XF record at 17
[TRACE  ] 2024-01-18 10:41:21.884 [main] InternalWorkbook - found XF record at 18
[TRACE  ] 2024-01-18 10:41:21.884 [main] InternalWorkbook - found XF record at 19
[TRACE  ] 2024-01-18 10:41:21.884 [main] InternalWorkbook - found XF record at 20
[TRACE  ] 2024-01-18 10:41:21.884 [main] InternalWorkbook - found XF record at 21
[TRACE  ] 2024-01-18 10:41:21.884 [main] InternalWorkbook - found XF record at 22
[TRACE  ] 2024-01-18 10:41:21.884 [main] InternalWorkbook - found XF record at 23
[TRACE  ] 2024-01-18 10:41:21.885 [main] InternalWorkbook - found XF record at 24
[TRACE  ] 2024-01-18 10:41:21.885 [main] InternalWorkbook - found XF record at 25
[TRACE  ] 2024-01-18 10:41:21.885 [main] InternalWorkbook - found XF record at 26
[TRACE  ] 2024-01-18 10:41:21.885 [main] InternalWorkbook - found XF record at 27
[TRACE  ] 2024-01-18 10:41:21.885 [main] InternalWorkbook - found XF record at 28
[TRACE  ] 2024-01-18 10:41:21.885 [main] InternalWorkbook - found XF record at 29
[TRACE  ] 2024-01-18 10:41:21.885 [main] InternalWorkbook - found XF record at 30
[TRACE  ] 2024-01-18 10:41:21.886 [main] InternalWorkbook - found XF record at 31
[TRACE  ] 2024-01-18 10:41:21.886 [main] InternalWorkbook - found XF record at 32
[TRACE  ] 2024-01-18 10:41:21.886 [main] InternalWorkbook - found XF record at 33
[TRACE  ] 2024-01-18 10:41:21.886 [main] InternalWorkbook - found XF record at 34
[TRACE  ] 2024-01-18 10:41:21.886 [main] InternalWorkbook - found XF record at 35
[TRACE  ] 2024-01-18 10:41:21.886 [main] InternalWorkbook - found XF record at 36
[TRACE  ] 2024-01-18 10:41:21.886 [main] InternalWorkbook - found XF record at 37
[TRACE  ] 2024-01-18 10:41:21.887 [main] InternalWorkbook - found XF record at 38
[TRACE  ] 2024-01-18 10:41:21.887 [main] InternalWorkbook - found (sid=2172) record at 39
[TRACE  ] 2024-01-18 10:41:21.887 [main] InternalWorkbook - found (sid=2173) record at 40
[TRACE  ] 2024-01-18 10:41:21.887 [main] InternalWorkbook - found (sid=2173) record at 41
[TRACE  ] 2024-01-18 10:41:21.887 [main] InternalWorkbook - found (sid=2173) record at 42
[TRACE  ] 2024-01-18 10:41:21.887 [main] InternalWorkbook - found (sid=2173) record at 43
[TRACE  ] 2024-01-18 10:41:21.888 [main] InternalWorkbook - found (sid=659) record at 44
[TRACE  ] 2024-01-18 10:41:21.888 [main] InternalWorkbook - found (sid=659) record at 45
[TRACE  ] 2024-01-18 10:41:21.888 [main] InternalWorkbook - found (sid=659) record at 46
[TRACE  ] 2024-01-18 10:41:21.888 [main] InternalWorkbook - found (sid=659) record at 47
[TRACE  ] 2024-01-18 10:41:21.888 [main] InternalWorkbook - found (sid=659) record at 48
[TRACE  ] 2024-01-18 10:41:21.888 [main] InternalWorkbook - found (sid=659) record at 49
[TRACE  ] 2024-01-18 10:41:21.888 [main] InternalWorkbook - found (sid=659) record at 50
[TRACE  ] 2024-01-18 10:41:21.889 [main] InternalWorkbook - found palette record at 51
[TRACE  ] 2024-01-18 10:41:21.889 [main] InternalWorkbook - found boundsheet record at 52
[TRACE  ] 2024-01-18 10:41:21.889 [main] InternalWorkbook - found (sid=140) record at 53
[DEBUG  ] 2024-01-18 10:41:21.889 [main] InternalWorkbook - found SupBook record at 54
[TRACE  ] 2024-01-18 10:41:21.892 [main] InternalWorkbook - found (sid=449) record at 56
[TRACE  ] 2024-01-18 10:41:21.893 [main] InternalWorkbook - found sst record at 57
[TRACE  ] 2024-01-18 10:41:21.893 [main] InternalWorkbook - found (sid=255) record at 58
[TRACE  ] 2024-01-18 10:41:21.893 [main] InternalWorkbook - found (sid=2198) record at 59
[TRACE  ] 2024-01-18 10:41:21.893 [main] InternalWorkbook - found (sid=2188) record at 60
[TRACE  ] 2024-01-18 10:41:21.893 [main] InternalWorkbook - found workbook eof record at 61
[TRACE  ] 2024-01-18 10:41:21.893 [main] InternalWorkbook - found (sid=2057) record at 62
[TRACE  ] 2024-01-18 10:41:21.893 [main] InternalWorkbook - found (sid=523) record at 63
[TRACE  ] 2024-01-18 10:41:21.893 [main] InternalWorkbook - found (sid=13) record at 64
[TRACE  ] 2024-01-18 10:41:21.893 [main] InternalWorkbook - found (sid=12) record at 65
[TRACE  ] 2024-01-18 10:41:21.894 [main] InternalWorkbook - found (sid=15) record at 66
[TRACE  ] 2024-01-18 10:41:21.894 [main] InternalWorkbook - found (sid=17) record at 67
[TRACE  ] 2024-01-18 10:41:21.894 [main] InternalWorkbook - found (sid=16) record at 68
[TRACE  ] 2024-01-18 10:41:21.894 [main] InternalWorkbook - found (sid=95) record at 69
[TRACE  ] 2024-01-18 10:41:21.894 [main] InternalWorkbook - found (sid=42) record at 70
[TRACE  ] 2024-01-18 10:41:21.894 [main] InternalWorkbook - found (sid=43) record at 71
[TRACE  ] 2024-01-18 10:41:21.894 [main] InternalWorkbook - found (sid=130) record at 72
[TRACE  ] 2024-01-18 10:41:21.894 [main] InternalWorkbook - found (sid=549) record at 73
[TRACE  ] 2024-01-18 10:41:21.895 [main] InternalWorkbook - found (sid=129) record at 74
[TRACE  ] 2024-01-18 10:41:21.895 [main] InternalWorkbook - found (sid=20) record at 75
[TRACE  ] 2024-01-18 10:41:21.895 [main] InternalWorkbook - found (sid=21) record at 76
[TRACE  ] 2024-01-18 10:41:21.895 [main] InternalWorkbook - found (sid=131) record at 77
[TRACE  ] 2024-01-18 10:41:21.895 [main] InternalWorkbook - found (sid=132) record at 78
[TRACE  ] 2024-01-18 10:41:21.895 [main] InternalWorkbook - found (sid=38) record at 79
[TRACE  ] 2024-01-18 10:41:21.895 [main] InternalWorkbook - found (sid=39) record at 80
[TRACE  ] 2024-01-18 10:41:21.895 [main] InternalWorkbook - found (sid=40) record at 81
[TRACE  ] 2024-01-18 10:41:21.895 [main] InternalWorkbook - found (sid=41) record at 82
[TRACE  ] 2024-01-18 10:41:21.896 [main] InternalWorkbook - found (sid=161) record at 83
[TRACE  ] 2024-01-18 10:41:21.896 [main] InternalWorkbook - found (sid=2204) record at 84
[TRACE  ] 2024-01-18 10:41:21.896 [main] InternalWorkbook - found (sid=125) record at 85
[TRACE  ] 2024-01-18 10:41:21.896 [main] InternalWorkbook - found (sid=125) record at 86
[TRACE  ] 2024-01-18 10:41:21.896 [main] InternalWorkbook - found (sid=512) record at 87
[TRACE  ] 2024-01-18 10:41:21.896 [main] InternalWorkbook - found (sid=520) record at 88
[TRACE  ] 2024-01-18 10:41:21.896 [main] InternalWorkbook - found (sid=520) record at 89
[TRACE  ] 2024-01-18 10:41:21.896 [main] InternalWorkbook - found (sid=520) record at 90
[TRACE  ] 2024-01-18 10:41:21.896 [main] InternalWorkbook - found (sid=253) record at 91
[TRACE  ] 2024-01-18 10:41:21.896 [main] InternalWorkbook - found (sid=253) record at 92
[TRACE  ] 2024-01-18 10:41:21.896 [main] InternalWorkbook - found (sid=253) record at 93
[TRACE  ] 2024-01-18 10:41:21.897 [main] InternalWorkbook - found (sid=253) record at 94
[TRACE  ] 2024-01-18 10:41:21.897 [main] InternalWorkbook - found (sid=253) record at 95
[TRACE  ] 2024-01-18 10:41:21.897 [main] InternalWorkbook - found (sid=253) record at 96
[TRACE  ] 2024-01-18 10:41:21.897 [main] InternalWorkbook - found (sid=574) record at 97
[TRACE  ] 2024-01-18 10:41:21.897 [main] InternalWorkbook - found (sid=29) record at 98
[TRACE  ] 2024-01-18 10:41:21.897 [main] InternalWorkbook - found (sid=171) record at 99
[TRACE  ] 2024-01-18 10:41:21.898 [main] InternalWorkbook - found Hyperlink record at 100
[TRACE  ] 2024-01-18 10:41:21.898 [main] InternalWorkbook - found Hyperlink record at 101
[TRACE  ] 2024-01-18 10:41:21.898 [main] InternalWorkbook - found workbook eof record at 102
[DEBUG  ] 2024-01-18 10:41:21.899 [main] InternalWorkbook - exit create workbook from existing file function
[DEBUG  ] 2024-01-18 10:41:21.899 [main] HSSFWorkbook - convertLabelRecords called
[DEBUG  ] 2024-01-18 10:41:21.900 [main] HSSFWorkbook - convertLabelRecords exit
[DEBUG  ] 2024-01-18 10:41:21.915 [main] InternalSheet - sheet createSheet (existing file) exited
[DEBUG  ] 2024-01-18 10:41:21.939 [main] HSSFSheet - Time at start of cell creating in HSSF sheet = 1705554681939
[TRACE  ] 2024-01-18 10:41:21.942 [main] HSSFSheet - record id = fd
[TRACE  ] 2024-01-18 10:41:21.956 [main] InternalWorkbook - Returning SST for index=0 String= ValidUser
[TRACE  ] 2024-01-18 10:41:21.956 [main] HSSFSheet - record took 17ms
[TRACE  ] 2024-01-18 10:41:21.956 [main] HSSFSheet - record id = fd
[TRACE  ] 2024-01-18 10:41:21.956 [main] InternalWorkbook - Returning SST for index=1 String= InvalidPass
[TRACE  ] 2024-01-18 10:41:21.957 [main] HSSFSheet - record took 0ms
[TRACE  ] 2024-01-18 10:41:21.957 [main] HSSFSheet - record id = fd
[TRACE  ] 2024-01-18 10:41:21.957 [main] InternalWorkbook - Returning SST for index=2 String= Gaurav@gmail.com
[TRACE  ] 2024-01-18 10:41:21.957 [main] HSSFSheet - record took 0ms
[TRACE  ] 2024-01-18 10:41:21.957 [main] HSSFSheet - record id = fd
[TRACE  ] 2024-01-18 10:41:21.957 [main] InternalWorkbook - Returning SST for index=3 String= Pass@123
[TRACE  ] 2024-01-18 10:41:21.957 [main] HSSFSheet - record took 0ms
[TRACE  ] 2024-01-18 10:41:21.958 [main] HSSFSheet - record id = fd
[TRACE  ] 2024-01-18 10:41:21.958 [main] InternalWorkbook - Returning SST for index=4 String= saurav@gmail.com
[TRACE  ] 2024-01-18 10:41:21.958 [main] HSSFSheet - record took 0ms
[TRACE  ] 2024-01-18 10:41:21.958 [main] HSSFSheet - record id = fd
[TRACE  ] 2024-01-18 10:41:21.958 [main] InternalWorkbook - Returning SST for index=3 String= Pass@123
[TRACE  ] 2024-01-18 10:41:21.958 [main] HSSFSheet - record took 0ms
[DEBUG  ] 2024-01-18 10:41:21.959 [main] HSSFSheet - total sheet cell creation took 19ms
[DEBUG  ] 2024-01-18 10:41:22.095 [main] InternalWorkbook - Workbook (readfile) created with reclen=103
[TRACE  ] 2024-01-18 10:41:22.095 [main] InternalWorkbook - found (sid=2057) record at 0
[TRACE  ] 2024-01-18 10:41:22.095 [main] InternalWorkbook - found (sid=66) record at 1
[TRACE  ] 2024-01-18 10:41:22.095 [main] InternalWorkbook - found tabid record at 2
[TRACE  ] 2024-01-18 10:41:22.095 [main] InternalWorkbook - found WindowOneRecord record at 3
[TRACE  ] 2024-01-18 10:41:22.095 [main] InternalWorkbook - found backup record at 4
[TRACE  ] 2024-01-18 10:41:22.095 [main] InternalWorkbook - found (sid=141) record at 5
[TRACE  ] 2024-01-18 10:41:22.096 [main] InternalWorkbook - found datewindow1904 record at 6
[TRACE  ] 2024-01-18 10:41:22.096 [main] InternalWorkbook - found (sid=14) record at 7
[TRACE  ] 2024-01-18 10:41:22.096 [main] InternalWorkbook - found (sid=439) record at 8
[TRACE  ] 2024-01-18 10:41:22.096 [main] InternalWorkbook - found (sid=218) record at 9
[TRACE  ] 2024-01-18 10:41:22.096 [main] InternalWorkbook - found font record at 10
[TRACE  ] 2024-01-18 10:41:22.096 [main] InternalWorkbook - found font record at 11
[TRACE  ] 2024-01-18 10:41:22.096 [main] InternalWorkbook - found font record at 12
[TRACE  ] 2024-01-18 10:41:22.096 [main] InternalWorkbook - found font record at 13
[TRACE  ] 2024-01-18 10:41:22.096 [main] InternalWorkbook - found font record at 14
[TRACE  ] 2024-01-18 10:41:22.096 [main] InternalWorkbook - found font record at 15
[TRACE  ] 2024-01-18 10:41:22.097 [main] InternalWorkbook - found XF record at 16
[TRACE  ] 2024-01-18 10:41:22.097 [main] InternalWorkbook - found XF record at 17
[TRACE  ] 2024-01-18 10:41:22.097 [main] InternalWorkbook - found XF record at 18
[TRACE  ] 2024-01-18 10:41:22.097 [main] InternalWorkbook - found XF record at 19
[TRACE  ] 2024-01-18 10:41:22.097 [main] InternalWorkbook - found XF record at 20
[TRACE  ] 2024-01-18 10:41:22.097 [main] InternalWorkbook - found XF record at 21
[TRACE  ] 2024-01-18 10:41:22.097 [main] InternalWorkbook - found XF record at 22
[TRACE  ] 2024-01-18 10:41:22.097 [main] InternalWorkbook - found XF record at 23
[TRACE  ] 2024-01-18 10:41:22.097 [main] InternalWorkbook - found XF record at 24
[TRACE  ] 2024-01-18 10:41:22.097 [main] InternalWorkbook - found XF record at 25
[TRACE  ] 2024-01-18 10:41:22.097 [main] InternalWorkbook - found XF record at 26
[TRACE  ] 2024-01-18 10:41:22.097 [main] InternalWorkbook - found XF record at 27
[TRACE  ] 2024-01-18 10:41:22.097 [main] InternalWorkbook - found XF record at 28
[TRACE  ] 2024-01-18 10:41:22.098 [main] InternalWorkbook - found XF record at 29
[TRACE  ] 2024-01-18 10:41:22.098 [main] InternalWorkbook - found XF record at 30
[TRACE  ] 2024-01-18 10:41:22.098 [main] InternalWorkbook - found XF record at 31
[TRACE  ] 2024-01-18 10:41:22.098 [main] InternalWorkbook - found XF record at 32
[TRACE  ] 2024-01-18 10:41:22.098 [main] InternalWorkbook - found XF record at 33
[TRACE  ] 2024-01-18 10:41:22.098 [main] InternalWorkbook - found XF record at 34
[TRACE  ] 2024-01-18 10:41:22.098 [main] InternalWorkbook - found XF record at 35
[TRACE  ] 2024-01-18 10:41:22.098 [main] InternalWorkbook - found XF record at 36
[TRACE  ] 2024-01-18 10:41:22.098 [main] InternalWorkbook - found XF record at 37
[TRACE  ] 2024-01-18 10:41:22.098 [main] InternalWorkbook - found XF record at 38
[TRACE  ] 2024-01-18 10:41:22.099 [main] InternalWorkbook - found (sid=2172) record at 39
[TRACE  ] 2024-01-18 10:41:22.099 [main] InternalWorkbook - found (sid=2173) record at 40
[TRACE  ] 2024-01-18 10:41:22.099 [main] InternalWorkbook - found (sid=2173) record at 41
[TRACE  ] 2024-01-18 10:41:22.099 [main] InternalWorkbook - found (sid=2173) record at 42
[TRACE  ] 2024-01-18 10:41:22.099 [main] InternalWorkbook - found (sid=2173) record at 43
[TRACE  ] 2024-01-18 10:41:22.099 [main] InternalWorkbook - found (sid=659) record at 44
[TRACE  ] 2024-01-18 10:41:22.099 [main] InternalWorkbook - found (sid=659) record at 45
[TRACE  ] 2024-01-18 10:41:22.099 [main] InternalWorkbook - found (sid=659) record at 46
[TRACE  ] 2024-01-18 10:41:22.099 [main] InternalWorkbook - found (sid=659) record at 47
[TRACE  ] 2024-01-18 10:41:22.099 [main] InternalWorkbook - found (sid=659) record at 48
[TRACE  ] 2024-01-18 10:41:22.099 [main] InternalWorkbook - found (sid=659) record at 49
[TRACE  ] 2024-01-18 10:41:22.099 [main] InternalWorkbook - found (sid=659) record at 50
[TRACE  ] 2024-01-18 10:41:22.100 [main] InternalWorkbook - found palette record at 51
[TRACE  ] 2024-01-18 10:41:22.100 [main] InternalWorkbook - found boundsheet record at 52
[TRACE  ] 2024-01-18 10:41:22.100 [main] InternalWorkbook - found (sid=140) record at 53
[DEBUG  ] 2024-01-18 10:41:22.100 [main] InternalWorkbook - found SupBook record at 54
[TRACE  ] 2024-01-18 10:41:22.100 [main] InternalWorkbook - found (sid=449) record at 56
[TRACE  ] 2024-01-18 10:41:22.100 [main] InternalWorkbook - found sst record at 57
[TRACE  ] 2024-01-18 10:41:22.100 [main] InternalWorkbook - found (sid=255) record at 58
[TRACE  ] 2024-01-18 10:41:22.100 [main] InternalWorkbook - found (sid=2198) record at 59
[TRACE  ] 2024-01-18 10:41:22.100 [main] InternalWorkbook - found (sid=2188) record at 60
[TRACE  ] 2024-01-18 10:41:22.100 [main] InternalWorkbook - found workbook eof record at 61
[TRACE  ] 2024-01-18 10:41:22.101 [main] InternalWorkbook - found (sid=2057) record at 62
[TRACE  ] 2024-01-18 10:41:22.101 [main] InternalWorkbook - found (sid=523) record at 63
[TRACE  ] 2024-01-18 10:41:22.101 [main] InternalWorkbook - found (sid=13) record at 64
[TRACE  ] 2024-01-18 10:41:22.101 [main] InternalWorkbook - found (sid=12) record at 65
[TRACE  ] 2024-01-18 10:41:22.101 [main] InternalWorkbook - found (sid=15) record at 66
[TRACE  ] 2024-01-18 10:41:22.101 [main] InternalWorkbook - found (sid=17) record at 67
[TRACE  ] 2024-01-18 10:41:22.101 [main] InternalWorkbook - found (sid=16) record at 68
[TRACE  ] 2024-01-18 10:41:22.101 [main] InternalWorkbook - found (sid=95) record at 69
[TRACE  ] 2024-01-18 10:41:22.102 [main] InternalWorkbook - found (sid=42) record at 70
[TRACE  ] 2024-01-18 10:41:22.102 [main] InternalWorkbook - found (sid=43) record at 71
[TRACE  ] 2024-01-18 10:41:22.102 [main] InternalWorkbook - found (sid=130) record at 72
[TRACE  ] 2024-01-18 10:41:22.102 [main] InternalWorkbook - found (sid=549) record at 73
[TRACE  ] 2024-01-18 10:41:22.102 [main] InternalWorkbook - found (sid=129) record at 74
[TRACE  ] 2024-01-18 10:41:22.102 [main] InternalWorkbook - found (sid=20) record at 75
[TRACE  ] 2024-01-18 10:41:22.102 [main] InternalWorkbook - found (sid=21) record at 76
[TRACE  ] 2024-01-18 10:41:22.102 [main] InternalWorkbook - found (sid=131) record at 77
[TRACE  ] 2024-01-18 10:41:22.102 [main] InternalWorkbook - found (sid=132) record at 78
[TRACE  ] 2024-01-18 10:41:22.102 [main] InternalWorkbook - found (sid=38) record at 79
[TRACE  ] 2024-01-18 10:41:22.103 [main] InternalWorkbook - found (sid=39) record at 80
[TRACE  ] 2024-01-18 10:41:22.103 [main] InternalWorkbook - found (sid=40) record at 81
[TRACE  ] 2024-01-18 10:41:22.103 [main] InternalWorkbook - found (sid=41) record at 82
[TRACE  ] 2024-01-18 10:41:22.103 [main] InternalWorkbook - found (sid=161) record at 83
[TRACE  ] 2024-01-18 10:41:22.103 [main] InternalWorkbook - found (sid=2204) record at 84
[TRACE  ] 2024-01-18 10:41:22.103 [main] InternalWorkbook - found (sid=125) record at 85
[TRACE  ] 2024-01-18 10:41:22.103 [main] InternalWorkbook - found (sid=125) record at 86
[TRACE  ] 2024-01-18 10:41:22.103 [main] InternalWorkbook - found (sid=512) record at 87
[TRACE  ] 2024-01-18 10:41:22.104 [main] InternalWorkbook - found (sid=520) record at 88
[TRACE  ] 2024-01-18 10:41:22.104 [main] InternalWorkbook - found (sid=520) record at 89
[TRACE  ] 2024-01-18 10:41:22.104 [main] InternalWorkbook - found (sid=520) record at 90
[TRACE  ] 2024-01-18 10:41:22.105 [main] InternalWorkbook - found (sid=253) record at 91
[TRACE  ] 2024-01-18 10:41:22.105 [main] InternalWorkbook - found (sid=253) record at 92
[TRACE  ] 2024-01-18 10:41:22.105 [main] InternalWorkbook - found (sid=253) record at 93
[TRACE  ] 2024-01-18 10:41:22.105 [main] InternalWorkbook - found (sid=253) record at 94
[TRACE  ] 2024-01-18 10:41:22.105 [main] InternalWorkbook - found (sid=253) record at 95
[TRACE  ] 2024-01-18 10:41:22.105 [main] InternalWorkbook - found (sid=253) record at 96
[TRACE  ] 2024-01-18 10:41:22.105 [main] InternalWorkbook - found (sid=574) record at 97
[TRACE  ] 2024-01-18 10:41:22.105 [main] InternalWorkbook - found (sid=29) record at 98
[TRACE  ] 2024-01-18 10:41:22.105 [main] InternalWorkbook - found (sid=171) record at 99
[TRACE  ] 2024-01-18 10:41:22.105 [main] InternalWorkbook - found Hyperlink record at 100
[TRACE  ] 2024-01-18 10:41:22.105 [main] InternalWorkbook - found Hyperlink record at 101
[TRACE  ] 2024-01-18 10:41:22.105 [main] InternalWorkbook - found workbook eof record at 102
[DEBUG  ] 2024-01-18 10:41:22.105 [main] InternalWorkbook - exit create workbook from existing file function
[DEBUG  ] 2024-01-18 10:41:22.105 [main] HSSFWorkbook - convertLabelRecords called
[DEBUG  ] 2024-01-18 10:41:22.105 [main] HSSFWorkbook - convertLabelRecords exit
[DEBUG  ] 2024-01-18 10:41:22.106 [main] InternalSheet - sheet createSheet (existing file) exited
[DEBUG  ] 2024-01-18 10:41:22.106 [main] HSSFSheet - Time at start of cell creating in HSSF sheet = 1705554682106
[TRACE  ] 2024-01-18 10:41:22.106 [main] HSSFSheet - record id = fd
[TRACE  ] 2024-01-18 10:41:22.106 [main] InternalWorkbook - Returning SST for index=0 String= ValidUser
[TRACE  ] 2024-01-18 10:41:22.106 [main] HSSFSheet - record took 0ms
[TRACE  ] 2024-01-18 10:41:22.106 [main] HSSFSheet - record id = fd
[TRACE  ] 2024-01-18 10:41:22.106 [main] InternalWorkbook - Returning SST for index=1 String= InvalidPass
[TRACE  ] 2024-01-18 10:41:22.106 [main] HSSFSheet - record took 0ms
[TRACE  ] 2024-01-18 10:41:22.107 [main] HSSFSheet - record id = fd
[TRACE  ] 2024-01-18 10:41:22.107 [main] InternalWorkbook - Returning SST for index=2 String= Gaurav@gmail.com
[TRACE  ] 2024-01-18 10:41:22.107 [main] HSSFSheet - record took 0ms
[TRACE  ] 2024-01-18 10:41:22.107 [main] HSSFSheet - record id = fd
[TRACE  ] 2024-01-18 10:41:22.107 [main] InternalWorkbook - Returning SST for index=3 String= Pass@123
[TRACE  ] 2024-01-18 10:41:22.107 [main] HSSFSheet - record took 0ms
[TRACE  ] 2024-01-18 10:41:22.107 [main] HSSFSheet - record id = fd
[TRACE  ] 2024-01-18 10:41:22.107 [main] InternalWorkbook - Returning SST for index=4 String= saurav@gmail.com
[TRACE  ] 2024-01-18 10:41:22.107 [main] HSSFSheet - record took 0ms
[TRACE  ] 2024-01-18 10:41:22.107 [main] HSSFSheet - record id = fd
[TRACE  ] 2024-01-18 10:41:22.107 [main] InternalWorkbook - Returning SST for index=3 String= Pass@123
[TRACE  ] 2024-01-18 10:41:22.108 [main] HSSFSheet - record took 1ms
[DEBUG  ] 2024-01-18 10:41:22.108 [main] HSSFSheet - total sheet cell creation took 2ms
[INFO   ] 2024-01-18 10:41:24.092 [main] MyAccountLogin - User successfully got error message
[DEBUG  ] 2024-01-18 10:54:01.195 [main] InternalWorkbook - Workbook (readfile) created with reclen=103
[TRACE  ] 2024-01-18 10:54:01.201 [main] InternalWorkbook - found (sid=2057) record at 0
[TRACE  ] 2024-01-18 10:54:01.201 [main] InternalWorkbook - found (sid=66) record at 1
[TRACE  ] 2024-01-18 10:54:01.201 [main] InternalWorkbook - found tabid record at 2
[TRACE  ] 2024-01-18 10:54:01.201 [main] InternalWorkbook - found WindowOneRecord record at 3
[TRACE  ] 2024-01-18 10:54:01.202 [main] InternalWorkbook - found backup record at 4
[TRACE  ] 2024-01-18 10:54:01.202 [main] InternalWorkbook - found (sid=141) record at 5
[TRACE  ] 2024-01-18 10:54:01.202 [main] InternalWorkbook - found datewindow1904 record at 6
[TRACE  ] 2024-01-18 10:54:01.202 [main] InternalWorkbook - found (sid=14) record at 7
[TRACE  ] 2024-01-18 10:54:01.202 [main] InternalWorkbook - found (sid=439) record at 8
[TRACE  ] 2024-01-18 10:54:01.202 [main] InternalWorkbook - found (sid=218) record at 9
[TRACE  ] 2024-01-18 10:54:01.202 [main] InternalWorkbook - found font record at 10
[TRACE  ] 2024-01-18 10:54:01.202 [main] InternalWorkbook - found font record at 11
[TRACE  ] 2024-01-18 10:54:01.203 [main] InternalWorkbook - found font record at 12
[TRACE  ] 2024-01-18 10:54:01.203 [main] InternalWorkbook - found font record at 13
[TRACE  ] 2024-01-18 10:54:01.203 [main] InternalWorkbook - found font record at 14
[TRACE  ] 2024-01-18 10:54:01.203 [main] InternalWorkbook - found font record at 15
[TRACE  ] 2024-01-18 10:54:01.203 [main] InternalWorkbook - found XF record at 16
[TRACE  ] 2024-01-18 10:54:01.203 [main] InternalWorkbook - found XF record at 17
[TRACE  ] 2024-01-18 10:54:01.203 [main] InternalWorkbook - found XF record at 18
[TRACE  ] 2024-01-18 10:54:01.204 [main] InternalWorkbook - found XF record at 19
[TRACE  ] 2024-01-18 10:54:01.204 [main] InternalWorkbook - found XF record at 20
[TRACE  ] 2024-01-18 10:54:01.204 [main] InternalWorkbook - found XF record at 21
[TRACE  ] 2024-01-18 10:54:01.204 [main] InternalWorkbook - found XF record at 22
[TRACE  ] 2024-01-18 10:54:01.204 [main] InternalWorkbook - found XF record at 23
[TRACE  ] 2024-01-18 10:54:01.204 [main] InternalWorkbook - found XF record at 24
[TRACE  ] 2024-01-18 10:54:01.205 [main] InternalWorkbook - found XF record at 25
[TRACE  ] 2024-01-18 10:54:01.205 [main] InternalWorkbook - found XF record at 26
[TRACE  ] 2024-01-18 10:54:01.205 [main] InternalWorkbook - found XF record at 27
[TRACE  ] 2024-01-18 10:54:01.205 [main] InternalWorkbook - found XF record at 28
[TRACE  ] 2024-01-18 10:54:01.205 [main] InternalWorkbook - found XF record at 29
[TRACE  ] 2024-01-18 10:54:01.205 [main] InternalWorkbook - found XF record at 30
[TRACE  ] 2024-01-18 10:54:01.205 [main] InternalWorkbook - found XF record at 31
[TRACE  ] 2024-01-18 10:54:01.205 [main] InternalWorkbook - found XF record at 32
[TRACE  ] 2024-01-18 10:54:01.206 [main] InternalWorkbook - found XF record at 33
[TRACE  ] 2024-01-18 10:54:01.206 [main] InternalWorkbook - found XF record at 34
[TRACE  ] 2024-01-18 10:54:01.206 [main] InternalWorkbook - found XF record at 35
[TRACE  ] 2024-01-18 10:54:01.206 [main] InternalWorkbook - found XF record at 36
[TRACE  ] 2024-01-18 10:54:01.206 [main] InternalWorkbook - found XF record at 37
[TRACE  ] 2024-01-18 10:54:01.206 [main] InternalWorkbook - found XF record at 38
[TRACE  ] 2024-01-18 10:54:01.207 [main] InternalWorkbook - found (sid=2172) record at 39
[TRACE  ] 2024-01-18 10:54:01.207 [main] InternalWorkbook - found (sid=2173) record at 40
[TRACE  ] 2024-01-18 10:54:01.207 [main] InternalWorkbook - found (sid=2173) record at 41
[TRACE  ] 2024-01-18 10:54:01.207 [main] InternalWorkbook - found (sid=2173) record at 42
[TRACE  ] 2024-01-18 10:54:01.207 [main] InternalWorkbook - found (sid=2173) record at 43
[TRACE  ] 2024-01-18 10:54:01.207 [main] InternalWorkbook - found (sid=659) record at 44
[TRACE  ] 2024-01-18 10:54:01.207 [main] InternalWorkbook - found (sid=659) record at 45
[TRACE  ] 2024-01-18 10:54:01.207 [main] InternalWorkbook - found (sid=659) record at 46
[TRACE  ] 2024-01-18 10:54:01.208 [main] InternalWorkbook - found (sid=659) record at 47
[TRACE  ] 2024-01-18 10:54:01.208 [main] InternalWorkbook - found (sid=659) record at 48
[TRACE  ] 2024-01-18 10:54:01.208 [main] InternalWorkbook - found (sid=659) record at 49
[TRACE  ] 2024-01-18 10:54:01.208 [main] InternalWorkbook - found (sid=659) record at 50
[TRACE  ] 2024-01-18 10:54:01.208 [main] InternalWorkbook - found palette record at 51
[TRACE  ] 2024-01-18 10:54:01.208 [main] InternalWorkbook - found boundsheet record at 52
[TRACE  ] 2024-01-18 10:54:01.209 [main] InternalWorkbook - found (sid=140) record at 53
[DEBUG  ] 2024-01-18 10:54:01.209 [main] InternalWorkbook - found SupBook record at 54
[TRACE  ] 2024-01-18 10:54:01.212 [main] InternalWorkbook - found (sid=449) record at 56
[TRACE  ] 2024-01-18 10:54:01.212 [main] InternalWorkbook - found sst record at 57
[TRACE  ] 2024-01-18 10:54:01.213 [main] InternalWorkbook - found (sid=255) record at 58
[TRACE  ] 2024-01-18 10:54:01.213 [main] InternalWorkbook - found (sid=2198) record at 59
[TRACE  ] 2024-01-18 10:54:01.213 [main] InternalWorkbook - found (sid=2188) record at 60
[TRACE  ] 2024-01-18 10:54:01.213 [main] InternalWorkbook - found workbook eof record at 61
[TRACE  ] 2024-01-18 10:54:01.214 [main] InternalWorkbook - found (sid=2057) record at 62
[TRACE  ] 2024-01-18 10:54:01.214 [main] InternalWorkbook - found (sid=523) record at 63
[TRACE  ] 2024-01-18 10:54:01.215 [main] InternalWorkbook - found (sid=13) record at 64
[TRACE  ] 2024-01-18 10:54:01.215 [main] InternalWorkbook - found (sid=12) record at 65
[TRACE  ] 2024-01-18 10:54:01.215 [main] InternalWorkbook - found (sid=15) record at 66
[TRACE  ] 2024-01-18 10:54:01.215 [main] InternalWorkbook - found (sid=17) record at 67
[TRACE  ] 2024-01-18 10:54:01.215 [main] InternalWorkbook - found (sid=16) record at 68
[TRACE  ] 2024-01-18 10:54:01.215 [main] InternalWorkbook - found (sid=95) record at 69
[TRACE  ] 2024-01-18 10:54:01.215 [main] InternalWorkbook - found (sid=42) record at 70
[TRACE  ] 2024-01-18 10:54:01.215 [main] InternalWorkbook - found (sid=43) record at 71
[TRACE  ] 2024-01-18 10:54:01.215 [main] InternalWorkbook - found (sid=130) record at 72
[TRACE  ] 2024-01-18 10:54:01.215 [main] InternalWorkbook - found (sid=549) record at 73
[TRACE  ] 2024-01-18 10:54:01.215 [main] InternalWorkbook - found (sid=129) record at 74
[TRACE  ] 2024-01-18 10:54:01.216 [main] InternalWorkbook - found (sid=20) record at 75
[TRACE  ] 2024-01-18 10:54:01.216 [main] InternalWorkbook - found (sid=21) record at 76
[TRACE  ] 2024-01-18 10:54:01.216 [main] InternalWorkbook - found (sid=131) record at 77
[TRACE  ] 2024-01-18 10:54:01.216 [main] InternalWorkbook - found (sid=132) record at 78
[TRACE  ] 2024-01-18 10:54:01.216 [main] InternalWorkbook - found (sid=38) record at 79
[TRACE  ] 2024-01-18 10:54:01.216 [main] InternalWorkbook - found (sid=39) record at 80
[TRACE  ] 2024-01-18 10:54:01.216 [main] InternalWorkbook - found (sid=40) record at 81
[TRACE  ] 2024-01-18 10:54:01.216 [main] InternalWorkbook - found (sid=41) record at 82
[TRACE  ] 2024-01-18 10:54:01.217 [main] InternalWorkbook - found (sid=161) record at 83
[TRACE  ] 2024-01-18 10:54:01.217 [main] InternalWorkbook - found (sid=2204) record at 84
[TRACE  ] 2024-01-18 10:54:01.217 [main] InternalWorkbook - found (sid=125) record at 85
[TRACE  ] 2024-01-18 10:54:01.217 [main] InternalWorkbook - found (sid=125) record at 86
[TRACE  ] 2024-01-18 10:54:01.217 [main] InternalWorkbook - found (sid=512) record at 87
[TRACE  ] 2024-01-18 10:54:01.217 [main] InternalWorkbook - found (sid=520) record at 88
[TRACE  ] 2024-01-18 10:54:01.217 [main] InternalWorkbook - found (sid=520) record at 89
[TRACE  ] 2024-01-18 10:54:01.217 [main] InternalWorkbook - found (sid=520) record at 90
[TRACE  ] 2024-01-18 10:54:01.218 [main] InternalWorkbook - found (sid=253) record at 91
[TRACE  ] 2024-01-18 10:54:01.218 [main] InternalWorkbook - found (sid=253) record at 92
[TRACE  ] 2024-01-18 10:54:01.218 [main] InternalWorkbook - found (sid=253) record at 93
[TRACE  ] 2024-01-18 10:54:01.218 [main] InternalWorkbook - found (sid=253) record at 94
[TRACE  ] 2024-01-18 10:54:01.218 [main] InternalWorkbook - found (sid=253) record at 95
[TRACE  ] 2024-01-18 10:54:01.218 [main] InternalWorkbook - found (sid=253) record at 96
[TRACE  ] 2024-01-18 10:54:01.218 [main] InternalWorkbook - found (sid=574) record at 97
[TRACE  ] 2024-01-18 10:54:01.218 [main] InternalWorkbook - found (sid=29) record at 98
[TRACE  ] 2024-01-18 10:54:01.219 [main] InternalWorkbook - found (sid=171) record at 99
[TRACE  ] 2024-01-18 10:54:01.219 [main] InternalWorkbook - found Hyperlink record at 100
[TRACE  ] 2024-01-18 10:54:01.219 [main] InternalWorkbook - found Hyperlink record at 101
[TRACE  ] 2024-01-18 10:54:01.219 [main] InternalWorkbook - found workbook eof record at 102
[DEBUG  ] 2024-01-18 10:54:01.221 [main] InternalWorkbook - exit create workbook from existing file function
[DEBUG  ] 2024-01-18 10:54:01.221 [main] HSSFWorkbook - convertLabelRecords called
[DEBUG  ] 2024-01-18 10:54:01.221 [main] HSSFWorkbook - convertLabelRecords exit
[DEBUG  ] 2024-01-18 10:54:01.242 [main] InternalSheet - sheet createSheet (existing file) exited
[DEBUG  ] 2024-01-18 10:54:01.267 [main] HSSFSheet - Time at start of cell creating in HSSF sheet = 1705555441267
[TRACE  ] 2024-01-18 10:54:01.270 [main] HSSFSheet - record id = fd
[TRACE  ] 2024-01-18 10:54:01.278 [main] InternalWorkbook - Returning SST for index=0 String= ValidUser
[TRACE  ] 2024-01-18 10:54:01.278 [main] HSSFSheet - record took 11ms
[TRACE  ] 2024-01-18 10:54:01.278 [main] HSSFSheet - record id = fd
[TRACE  ] 2024-01-18 10:54:01.278 [main] InternalWorkbook - Returning SST for index=1 String= InvalidPass
[TRACE  ] 2024-01-18 10:54:01.278 [main] HSSFSheet - record took 0ms
[TRACE  ] 2024-01-18 10:54:01.278 [main] HSSFSheet - record id = fd
[TRACE  ] 2024-01-18 10:54:01.279 [main] InternalWorkbook - Returning SST for index=2 String= Gaurav@gmail.com
[TRACE  ] 2024-01-18 10:54:01.279 [main] HSSFSheet - record took 1ms
[TRACE  ] 2024-01-18 10:54:01.279 [main] HSSFSheet - record id = fd
[TRACE  ] 2024-01-18 10:54:01.279 [main] InternalWorkbook - Returning SST for index=3 String= Pass@123
[TRACE  ] 2024-01-18 10:54:01.279 [main] HSSFSheet - record took 0ms
[TRACE  ] 2024-01-18 10:54:01.279 [main] HSSFSheet - record id = fd
[TRACE  ] 2024-01-18 10:54:01.279 [main] InternalWorkbook - Returning SST for index=4 String= saurav@gmail.com
[TRACE  ] 2024-01-18 10:54:01.279 [main] HSSFSheet - record took 0ms
[TRACE  ] 2024-01-18 10:54:01.279 [main] HSSFSheet - record id = fd
[TRACE  ] 2024-01-18 10:54:01.279 [main] InternalWorkbook - Returning SST for index=3 String= Pass@123
[TRACE  ] 2024-01-18 10:54:01.279 [main] HSSFSheet - record took 0ms
[DEBUG  ] 2024-01-18 10:54:01.280 [main] HSSFSheet - total sheet cell creation took 13ms
[DEBUG  ] 2024-01-18 10:54:01.409 [main] InternalWorkbook - Workbook (readfile) created with reclen=103
[TRACE  ] 2024-01-18 10:54:01.410 [main] InternalWorkbook - found (sid=2057) record at 0
[TRACE  ] 2024-01-18 10:54:01.410 [main] InternalWorkbook - found (sid=66) record at 1
[TRACE  ] 2024-01-18 10:54:01.410 [main] InternalWorkbook - found tabid record at 2
[TRACE  ] 2024-01-18 10:54:01.410 [main] InternalWorkbook - found WindowOneRecord record at 3
[TRACE  ] 2024-01-18 10:54:01.410 [main] InternalWorkbook - found backup record at 4
[TRACE  ] 2024-01-18 10:54:01.410 [main] InternalWorkbook - found (sid=141) record at 5
[TRACE  ] 2024-01-18 10:54:01.411 [main] InternalWorkbook - found datewindow1904 record at 6
[TRACE  ] 2024-01-18 10:54:01.411 [main] InternalWorkbook - found (sid=14) record at 7
[TRACE  ] 2024-01-18 10:54:01.411 [main] InternalWorkbook - found (sid=439) record at 8
[TRACE  ] 2024-01-18 10:54:01.411 [main] InternalWorkbook - found (sid=218) record at 9
[TRACE  ] 2024-01-18 10:54:01.411 [main] InternalWorkbook - found font record at 10
[TRACE  ] 2024-01-18 10:54:01.411 [main] InternalWorkbook - found font record at 11
[TRACE  ] 2024-01-18 10:54:01.411 [main] InternalWorkbook - found font record at 12
[TRACE  ] 2024-01-18 10:54:01.411 [main] InternalWorkbook - found font record at 13
[TRACE  ] 2024-01-18 10:54:01.411 [main] InternalWorkbook - found font record at 14
[TRACE  ] 2024-01-18 10:54:01.411 [main] InternalWorkbook - found font record at 15
[TRACE  ] 2024-01-18 10:54:01.411 [main] InternalWorkbook - found XF record at 16
[TRACE  ] 2024-01-18 10:54:01.412 [main] InternalWorkbook - found XF record at 17
[TRACE  ] 2024-01-18 10:54:01.412 [main] InternalWorkbook - found XF record at 18
[TRACE  ] 2024-01-18 10:54:01.412 [main] InternalWorkbook - found XF record at 19
[TRACE  ] 2024-01-18 10:54:01.412 [main] InternalWorkbook - found XF record at 20
[TRACE  ] 2024-01-18 10:54:01.412 [main] InternalWorkbook - found XF record at 21
[TRACE  ] 2024-01-18 10:54:01.412 [main] InternalWorkbook - found XF record at 22
[TRACE  ] 2024-01-18 10:54:01.412 [main] InternalWorkbook - found XF record at 23
[TRACE  ] 2024-01-18 10:54:01.412 [main] InternalWorkbook - found XF record at 24
[TRACE  ] 2024-01-18 10:54:01.412 [main] InternalWorkbook - found XF record at 25
[TRACE  ] 2024-01-18 10:54:01.412 [main] InternalWorkbook - found XF record at 26
[TRACE  ] 2024-01-18 10:54:01.412 [main] InternalWorkbook - found XF record at 27
[TRACE  ] 2024-01-18 10:54:01.412 [main] InternalWorkbook - found XF record at 28
[TRACE  ] 2024-01-18 10:54:01.413 [main] InternalWorkbook - found XF record at 29
[TRACE  ] 2024-01-18 10:54:01.413 [main] InternalWorkbook - found XF record at 30
[TRACE  ] 2024-01-18 10:54:01.413 [main] InternalWorkbook - found XF record at 31
[TRACE  ] 2024-01-18 10:54:01.413 [main] InternalWorkbook - found XF record at 32
[TRACE  ] 2024-01-18 10:54:01.413 [main] InternalWorkbook - found XF record at 33
[TRACE  ] 2024-01-18 10:54:01.413 [main] InternalWorkbook - found XF record at 34
[TRACE  ] 2024-01-18 10:54:01.413 [main] InternalWorkbook - found XF record at 35
[TRACE  ] 2024-01-18 10:54:01.413 [main] InternalWorkbook - found XF record at 36
[TRACE  ] 2024-01-18 10:54:01.413 [main] InternalWorkbook - found XF record at 37
[TRACE  ] 2024-01-18 10:54:01.413 [main] InternalWorkbook - found XF record at 38
[TRACE  ] 2024-01-18 10:54:01.413 [main] InternalWorkbook - found (sid=2172) record at 39
[TRACE  ] 2024-01-18 10:54:01.413 [main] InternalWorkbook - found (sid=2173) record at 40
[TRACE  ] 2024-01-18 10:54:01.414 [main] InternalWorkbook - found (sid=2173) record at 41
[TRACE  ] 2024-01-18 10:54:01.414 [main] InternalWorkbook - found (sid=2173) record at 42
[TRACE  ] 2024-01-18 10:54:01.414 [main] InternalWorkbook - found (sid=2173) record at 43
[TRACE  ] 2024-01-18 10:54:01.414 [main] InternalWorkbook - found (sid=659) record at 44
[TRACE  ] 2024-01-18 10:54:01.414 [main] InternalWorkbook - found (sid=659) record at 45
[TRACE  ] 2024-01-18 10:54:01.414 [main] InternalWorkbook - found (sid=659) record at 46
[TRACE  ] 2024-01-18 10:54:01.414 [main] InternalWorkbook - found (sid=659) record at 47
[TRACE  ] 2024-01-18 10:54:01.414 [main] InternalWorkbook - found (sid=659) record at 48
[TRACE  ] 2024-01-18 10:54:01.414 [main] InternalWorkbook - found (sid=659) record at 49
[TRACE  ] 2024-01-18 10:54:01.414 [main] InternalWorkbook - found (sid=659) record at 50
[TRACE  ] 2024-01-18 10:54:01.414 [main] InternalWorkbook - found palette record at 51
[TRACE  ] 2024-01-18 10:54:01.414 [main] InternalWorkbook - found boundsheet record at 52
[TRACE  ] 2024-01-18 10:54:01.415 [main] InternalWorkbook - found (sid=140) record at 53
[DEBUG  ] 2024-01-18 10:54:01.415 [main] InternalWorkbook - found SupBook record at 54
[TRACE  ] 2024-01-18 10:54:01.415 [main] InternalWorkbook - found (sid=449) record at 56
[TRACE  ] 2024-01-18 10:54:01.415 [main] InternalWorkbook - found sst record at 57
[TRACE  ] 2024-01-18 10:54:01.415 [main] InternalWorkbook - found (sid=255) record at 58
[TRACE  ] 2024-01-18 10:54:01.415 [main] InternalWorkbook - found (sid=2198) record at 59
[TRACE  ] 2024-01-18 10:54:01.415 [main] InternalWorkbook - found (sid=2188) record at 60
[TRACE  ] 2024-01-18 10:54:01.415 [main] InternalWorkbook - found workbook eof record at 61
[TRACE  ] 2024-01-18 10:54:01.415 [main] InternalWorkbook - found (sid=2057) record at 62
[TRACE  ] 2024-01-18 10:54:01.415 [main] InternalWorkbook - found (sid=523) record at 63
[TRACE  ] 2024-01-18 10:54:01.415 [main] InternalWorkbook - found (sid=13) record at 64
[TRACE  ] 2024-01-18 10:54:01.416 [main] InternalWorkbook - found (sid=12) record at 65
[TRACE  ] 2024-01-18 10:54:01.416 [main] InternalWorkbook - found (sid=15) record at 66
[TRACE  ] 2024-01-18 10:54:01.416 [main] InternalWorkbook - found (sid=17) record at 67
[TRACE  ] 2024-01-18 10:54:01.416 [main] InternalWorkbook - found (sid=16) record at 68
[TRACE  ] 2024-01-18 10:54:01.416 [main] InternalWorkbook - found (sid=95) record at 69
[TRACE  ] 2024-01-18 10:54:01.416 [main] InternalWorkbook - found (sid=42) record at 70
[TRACE  ] 2024-01-18 10:54:01.416 [main] InternalWorkbook - found (sid=43) record at 71
[TRACE  ] 2024-01-18 10:54:01.416 [main] InternalWorkbook - found (sid=130) record at 72
[TRACE  ] 2024-01-18 10:54:01.416 [main] InternalWorkbook - found (sid=549) record at 73
[TRACE  ] 2024-01-18 10:54:01.416 [main] InternalWorkbook - found (sid=129) record at 74
[TRACE  ] 2024-01-18 10:54:01.416 [main] InternalWorkbook - found (sid=20) record at 75
[TRACE  ] 2024-01-18 10:54:01.416 [main] InternalWorkbook - found (sid=21) record at 76
[TRACE  ] 2024-01-18 10:54:01.417 [main] InternalWorkbook - found (sid=131) record at 77
[TRACE  ] 2024-01-18 10:54:01.417 [main] InternalWorkbook - found (sid=132) record at 78
[TRACE  ] 2024-01-18 10:54:01.417 [main] InternalWorkbook - found (sid=38) record at 79
[TRACE  ] 2024-01-18 10:54:01.417 [main] InternalWorkbook - found (sid=39) record at 80
[TRACE  ] 2024-01-18 10:54:01.417 [main] InternalWorkbook - found (sid=40) record at 81
[TRACE  ] 2024-01-18 10:54:01.417 [main] InternalWorkbook - found (sid=41) record at 82
[TRACE  ] 2024-01-18 10:54:01.417 [main] InternalWorkbook - found (sid=161) record at 83
[TRACE  ] 2024-01-18 10:54:01.417 [main] InternalWorkbook - found (sid=2204) record at 84
[TRACE  ] 2024-01-18 10:54:01.417 [main] InternalWorkbook - found (sid=125) record at 85
[TRACE  ] 2024-01-18 10:54:01.417 [main] InternalWorkbook - found (sid=125) record at 86
[TRACE  ] 2024-01-18 10:54:01.417 [main] InternalWorkbook - found (sid=512) record at 87
[TRACE  ] 2024-01-18 10:54:01.418 [main] InternalWorkbook - found (sid=520) record at 88
[TRACE  ] 2024-01-18 10:54:01.418 [main] InternalWorkbook - found (sid=520) record at 89
[TRACE  ] 2024-01-18 10:54:01.418 [main] InternalWorkbook - found (sid=520) record at 90
[TRACE  ] 2024-01-18 10:54:01.418 [main] InternalWorkbook - found (sid=253) record at 91
[TRACE  ] 2024-01-18 10:54:01.418 [main] InternalWorkbook - found (sid=253) record at 92
[TRACE  ] 2024-01-18 10:54:01.418 [main] InternalWorkbook - found (sid=253) record at 93
[TRACE  ] 2024-01-18 10:54:01.418 [main] InternalWorkbook - found (sid=253) record at 94
[TRACE  ] 2024-01-18 10:54:01.418 [main] InternalWorkbook - found (sid=253) record at 95
[TRACE  ] 2024-01-18 10:54:01.418 [main] InternalWorkbook - found (sid=253) record at 96
[TRACE  ] 2024-01-18 10:54:01.418 [main] InternalWorkbook - found (sid=574) record at 97
[TRACE  ] 2024-01-18 10:54:01.418 [main] InternalWorkbook - found (sid=29) record at 98
[TRACE  ] 2024-01-18 10:54:01.418 [main] InternalWorkbook - found (sid=171) record at 99
[TRACE  ] 2024-01-18 10:54:01.419 [main] InternalWorkbook - found Hyperlink record at 100
[TRACE  ] 2024-01-18 10:54:01.419 [main] InternalWorkbook - found Hyperlink record at 101
[TRACE  ] 2024-01-18 10:54:01.419 [main] InternalWorkbook - found workbook eof record at 102
[DEBUG  ] 2024-01-18 10:54:01.419 [main] InternalWorkbook - exit create workbook from existing file function
[DEBUG  ] 2024-01-18 10:54:01.419 [main] HSSFWorkbook - convertLabelRecords called
[DEBUG  ] 2024-01-18 10:54:01.419 [main] HSSFWorkbook - convertLabelRecords exit
[DEBUG  ] 2024-01-18 10:54:01.419 [main] InternalSheet - sheet createSheet (existing file) exited
[DEBUG  ] 2024-01-18 10:54:01.419 [main] HSSFSheet - Time at start of cell creating in HSSF sheet = 1705555441419
[TRACE  ] 2024-01-18 10:54:01.419 [main] HSSFSheet - record id = fd
[TRACE  ] 2024-01-18 10:54:01.419 [main] InternalWorkbook - Returning SST for index=0 String= ValidUser
[TRACE  ] 2024-01-18 10:54:01.420 [main] HSSFSheet - record took 1ms
[TRACE  ] 2024-01-18 10:54:01.420 [main] HSSFSheet - record id = fd
[TRACE  ] 2024-01-18 10:54:01.420 [main] InternalWorkbook - Returning SST for index=1 String= InvalidPass
[TRACE  ] 2024-01-18 10:54:01.420 [main] HSSFSheet - record took 0ms
[TRACE  ] 2024-01-18 10:54:01.420 [main] HSSFSheet - record id = fd
[TRACE  ] 2024-01-18 10:54:01.420 [main] InternalWorkbook - Returning SST for index=2 String= Gaurav@gmail.com
[TRACE  ] 2024-01-18 10:54:01.420 [main] HSSFSheet - record took 0ms
[TRACE  ] 2024-01-18 10:54:01.420 [main] HSSFSheet - record id = fd
[TRACE  ] 2024-01-18 10:54:01.420 [main] InternalWorkbook - Returning SST for index=3 String= Pass@123
[TRACE  ] 2024-01-18 10:54:01.420 [main] HSSFSheet - record took 0ms
[TRACE  ] 2024-01-18 10:54:01.420 [main] HSSFSheet - record id = fd
[TRACE  ] 2024-01-18 10:54:01.420 [main] InternalWorkbook - Returning SST for index=4 String= saurav@gmail.com
[TRACE  ] 2024-01-18 10:54:01.421 [main] HSSFSheet - record took 1ms
[TRACE  ] 2024-01-18 10:54:01.421 [main] HSSFSheet - record id = fd
[TRACE  ] 2024-01-18 10:54:01.421 [main] InternalWorkbook - Returning SST for index=3 String= Pass@123
[TRACE  ] 2024-01-18 10:54:01.421 [main] HSSFSheet - record took 0ms
[DEBUG  ] 2024-01-18 10:54:01.421 [main] HSSFSheet - total sheet cell creation took 2ms
[INFO   ] 2024-01-18 10:54:02.728 [main] MyAccountLogin - User successfully got error message
[DEBUG  ] 2024-01-18 11:05:21.812 [main] InternalWorkbook - Workbook (readfile) created with reclen=103
[TRACE  ] 2024-01-18 11:05:21.819 [main] InternalWorkbook - found (sid=2057) record at 0
[TRACE  ] 2024-01-18 11:05:21.819 [main] InternalWorkbook - found (sid=66) record at 1
[TRACE  ] 2024-01-18 11:05:21.819 [main] InternalWorkbook - found tabid record at 2
[TRACE  ] 2024-01-18 11:05:21.819 [main] InternalWorkbook - found WindowOneRecord record at 3
[TRACE  ] 2024-01-18 11:05:21.820 [main] InternalWorkbook - found backup record at 4
[TRACE  ] 2024-01-18 11:05:21.820 [main] InternalWorkbook - found (sid=141) record at 5
[TRACE  ] 2024-01-18 11:05:21.820 [main] InternalWorkbook - found datewindow1904 record at 6
[TRACE  ] 2024-01-18 11:05:21.820 [main] InternalWorkbook - found (sid=14) record at 7
[TRACE  ] 2024-01-18 11:05:21.820 [main] InternalWorkbook - found (sid=439) record at 8
[TRACE  ] 2024-01-18 11:05:21.820 [main] InternalWorkbook - found (sid=218) record at 9
[TRACE  ] 2024-01-18 11:05:21.820 [main] InternalWorkbook - found font record at 10
[TRACE  ] 2024-01-18 11:05:21.821 [main] InternalWorkbook - found font record at 11
[TRACE  ] 2024-01-18 11:05:21.821 [main] InternalWorkbook - found font record at 12
[TRACE  ] 2024-01-18 11:05:21.821 [main] InternalWorkbook - found font record at 13
[TRACE  ] 2024-01-18 11:05:21.821 [main] InternalWorkbook - found font record at 14
[TRACE  ] 2024-01-18 11:05:21.821 [main] InternalWorkbook - found font record at 15
[TRACE  ] 2024-01-18 11:05:21.821 [main] InternalWorkbook - found XF record at 16
[TRACE  ] 2024-01-18 11:05:21.822 [main] InternalWorkbook - found XF record at 17
[TRACE  ] 2024-01-18 11:05:21.822 [main] InternalWorkbook - found XF record at 18
[TRACE  ] 2024-01-18 11:05:21.822 [main] InternalWorkbook - found XF record at 19
[TRACE  ] 2024-01-18 11:05:21.822 [main] InternalWorkbook - found XF record at 20
[TRACE  ] 2024-01-18 11:05:21.822 [main] InternalWorkbook - found XF record at 21
[TRACE  ] 2024-01-18 11:05:21.822 [main] InternalWorkbook - found XF record at 22
[TRACE  ] 2024-01-18 11:05:21.822 [main] InternalWorkbook - found XF record at 23
[TRACE  ] 2024-01-18 11:05:21.822 [main] InternalWorkbook - found XF record at 24
[TRACE  ] 2024-01-18 11:05:21.823 [main] InternalWorkbook - found XF record at 25
[TRACE  ] 2024-01-18 11:05:21.823 [main] InternalWorkbook - found XF record at 26
[TRACE  ] 2024-01-18 11:05:21.823 [main] InternalWorkbook - found XF record at 27
[TRACE  ] 2024-01-18 11:05:21.823 [main] InternalWorkbook - found XF record at 28
[TRACE  ] 2024-01-18 11:05:21.823 [main] InternalWorkbook - found XF record at 29
[TRACE  ] 2024-01-18 11:05:21.823 [main] InternalWorkbook - found XF record at 30
[TRACE  ] 2024-01-18 11:05:21.823 [main] InternalWorkbook - found XF record at 31
[TRACE  ] 2024-01-18 11:05:21.824 [main] InternalWorkbook - found XF record at 32
[TRACE  ] 2024-01-18 11:05:21.824 [main] InternalWorkbook - found XF record at 33
[TRACE  ] 2024-01-18 11:05:21.824 [main] InternalWorkbook - found XF record at 34
[TRACE  ] 2024-01-18 11:05:21.824 [main] InternalWorkbook - found XF record at 35
[TRACE  ] 2024-01-18 11:05:21.824 [main] InternalWorkbook - found XF record at 36
[TRACE  ] 2024-01-18 11:05:21.824 [main] InternalWorkbook - found XF record at 37
[TRACE  ] 2024-01-18 11:05:21.825 [main] InternalWorkbook - found XF record at 38
[TRACE  ] 2024-01-18 11:05:21.825 [main] InternalWorkbook - found (sid=2172) record at 39
[TRACE  ] 2024-01-18 11:05:21.825 [main] InternalWorkbook - found (sid=2173) record at 40
[TRACE  ] 2024-01-18 11:05:21.825 [main] InternalWorkbook - found (sid=2173) record at 41
[TRACE  ] 2024-01-18 11:05:21.825 [main] InternalWorkbook - found (sid=2173) record at 42
[TRACE  ] 2024-01-18 11:05:21.825 [main] InternalWorkbook - found (sid=2173) record at 43
[TRACE  ] 2024-01-18 11:05:21.825 [main] InternalWorkbook - found (sid=659) record at 44
[TRACE  ] 2024-01-18 11:05:21.825 [main] InternalWorkbook - found (sid=659) record at 45
[TRACE  ] 2024-01-18 11:05:21.826 [main] InternalWorkbook - found (sid=659) record at 46
[TRACE  ] 2024-01-18 11:05:21.826 [main] InternalWorkbook - found (sid=659) record at 47
[TRACE  ] 2024-01-18 11:05:21.826 [main] InternalWorkbook - found (sid=659) record at 48
[TRACE  ] 2024-01-18 11:05:21.826 [main] InternalWorkbook - found (sid=659) record at 49
[TRACE  ] 2024-01-18 11:05:21.826 [main] InternalWorkbook - found (sid=659) record at 50
[TRACE  ] 2024-01-18 11:05:21.826 [main] InternalWorkbook - found palette record at 51
[TRACE  ] 2024-01-18 11:05:21.826 [main] InternalWorkbook - found boundsheet record at 52
[TRACE  ] 2024-01-18 11:05:21.827 [main] InternalWorkbook - found (sid=140) record at 53
[DEBUG  ] 2024-01-18 11:05:21.827 [main] InternalWorkbook - found SupBook record at 54
[TRACE  ] 2024-01-18 11:05:21.832 [main] InternalWorkbook - found (sid=449) record at 56
[TRACE  ] 2024-01-18 11:05:21.832 [main] InternalWorkbook - found sst record at 57
[TRACE  ] 2024-01-18 11:05:21.832 [main] InternalWorkbook - found (sid=255) record at 58
[TRACE  ] 2024-01-18 11:05:21.832 [main] InternalWorkbook - found (sid=2198) record at 59
[TRACE  ] 2024-01-18 11:05:21.833 [main] InternalWorkbook - found (sid=2188) record at 60
[TRACE  ] 2024-01-18 11:05:21.833 [main] InternalWorkbook - found workbook eof record at 61
[TRACE  ] 2024-01-18 11:05:21.833 [main] InternalWorkbook - found (sid=2057) record at 62
[TRACE  ] 2024-01-18 11:05:21.834 [main] InternalWorkbook - found (sid=523) record at 63
[TRACE  ] 2024-01-18 11:05:21.834 [main] InternalWorkbook - found (sid=13) record at 64
[TRACE  ] 2024-01-18 11:05:21.834 [main] InternalWorkbook - found (sid=12) record at 65
[TRACE  ] 2024-01-18 11:05:21.834 [main] InternalWorkbook - found (sid=15) record at 66
[TRACE  ] 2024-01-18 11:05:21.834 [main] InternalWorkbook - found (sid=17) record at 67
[TRACE  ] 2024-01-18 11:05:21.834 [main] InternalWorkbook - found (sid=16) record at 68
[TRACE  ] 2024-01-18 11:05:21.835 [main] InternalWorkbook - found (sid=95) record at 69
[TRACE  ] 2024-01-18 11:05:21.835 [main] InternalWorkbook - found (sid=42) record at 70
[TRACE  ] 2024-01-18 11:05:21.835 [main] InternalWorkbook - found (sid=43) record at 71
[TRACE  ] 2024-01-18 11:05:21.835 [main] InternalWorkbook - found (sid=130) record at 72
[TRACE  ] 2024-01-18 11:05:21.835 [main] InternalWorkbook - found (sid=549) record at 73
[TRACE  ] 2024-01-18 11:05:21.835 [main] InternalWorkbook - found (sid=129) record at 74
[TRACE  ] 2024-01-18 11:05:21.835 [main] InternalWorkbook - found (sid=20) record at 75
[TRACE  ] 2024-01-18 11:05:21.835 [main] InternalWorkbook - found (sid=21) record at 76
[TRACE  ] 2024-01-18 11:05:21.835 [main] InternalWorkbook - found (sid=131) record at 77
[TRACE  ] 2024-01-18 11:05:21.836 [main] InternalWorkbook - found (sid=132) record at 78
[TRACE  ] 2024-01-18 11:05:21.836 [main] InternalWorkbook - found (sid=38) record at 79
[TRACE  ] 2024-01-18 11:05:21.836 [main] InternalWorkbook - found (sid=39) record at 80
[TRACE  ] 2024-01-18 11:05:21.836 [main] InternalWorkbook - found (sid=40) record at 81
[TRACE  ] 2024-01-18 11:05:21.836 [main] InternalWorkbook - found (sid=41) record at 82
[TRACE  ] 2024-01-18 11:05:21.836 [main] InternalWorkbook - found (sid=161) record at 83
[TRACE  ] 2024-01-18 11:05:21.836 [main] InternalWorkbook - found (sid=2204) record at 84
[TRACE  ] 2024-01-18 11:05:21.836 [main] InternalWorkbook - found (sid=125) record at 85
[TRACE  ] 2024-01-18 11:05:21.836 [main] InternalWorkbook - found (sid=125) record at 86
[TRACE  ] 2024-01-18 11:05:21.836 [main] InternalWorkbook - found (sid=512) record at 87
[TRACE  ] 2024-01-18 11:05:21.836 [main] InternalWorkbook - found (sid=520) record at 88
[TRACE  ] 2024-01-18 11:05:21.837 [main] InternalWorkbook - found (sid=520) record at 89
[TRACE  ] 2024-01-18 11:05:21.837 [main] InternalWorkbook - found (sid=520) record at 90
[TRACE  ] 2024-01-18 11:05:21.837 [main] InternalWorkbook - found (sid=253) record at 91
[TRACE  ] 2024-01-18 11:05:21.837 [main] InternalWorkbook - found (sid=253) record at 92
[TRACE  ] 2024-01-18 11:05:21.837 [main] InternalWorkbook - found (sid=253) record at 93
[TRACE  ] 2024-01-18 11:05:21.837 [main] InternalWorkbook - found (sid=253) record at 94
[TRACE  ] 2024-01-18 11:05:21.837 [main] InternalWorkbook - found (sid=253) record at 95
[TRACE  ] 2024-01-18 11:05:21.837 [main] InternalWorkbook - found (sid=253) record at 96
[TRACE  ] 2024-01-18 11:05:21.837 [main] InternalWorkbook - found (sid=574) record at 97
[TRACE  ] 2024-01-18 11:05:21.838 [main] InternalWorkbook - found (sid=29) record at 98
[TRACE  ] 2024-01-18 11:05:21.838 [main] InternalWorkbook - found (sid=171) record at 99
[TRACE  ] 2024-01-18 11:05:21.838 [main] InternalWorkbook - found Hyperlink record at 100
[TRACE  ] 2024-01-18 11:05:21.838 [main] InternalWorkbook - found Hyperlink record at 101
[TRACE  ] 2024-01-18 11:05:21.838 [main] InternalWorkbook - found workbook eof record at 102
[DEBUG  ] 2024-01-18 11:05:21.839 [main] InternalWorkbook - exit create workbook from existing file function
[DEBUG  ] 2024-01-18 11:05:21.839 [main] HSSFWorkbook - convertLabelRecords called
[DEBUG  ] 2024-01-18 11:05:21.839 [main] HSSFWorkbook - convertLabelRecords exit
[DEBUG  ] 2024-01-18 11:05:21.859 [main] InternalSheet - sheet createSheet (existing file) exited
[DEBUG  ] 2024-01-18 11:05:21.877 [main] HSSFSheet - Time at start of cell creating in HSSF sheet = 1705556121876
[TRACE  ] 2024-01-18 11:05:21.879 [main] HSSFSheet - record id = fd
[TRACE  ] 2024-01-18 11:05:21.892 [main] InternalWorkbook - Returning SST for index=0 String= ValidUser
[TRACE  ] 2024-01-18 11:05:21.892 [main] HSSFSheet - record took 15ms
[TRACE  ] 2024-01-18 11:05:21.892 [main] HSSFSheet - record id = fd
[TRACE  ] 2024-01-18 11:05:21.892 [main] InternalWorkbook - Returning SST for index=1 String= InvalidPass
[TRACE  ] 2024-01-18 11:05:21.893 [main] HSSFSheet - record took 1ms
[TRACE  ] 2024-01-18 11:05:21.893 [main] HSSFSheet - record id = fd
[TRACE  ] 2024-01-18 11:05:21.893 [main] InternalWorkbook - Returning SST for index=2 String= Gaurav@gmail.com
[TRACE  ] 2024-01-18 11:05:21.893 [main] HSSFSheet - record took 0ms
[TRACE  ] 2024-01-18 11:05:21.893 [main] HSSFSheet - record id = fd
[TRACE  ] 2024-01-18 11:05:21.893 [main] InternalWorkbook - Returning SST for index=3 String= Pass@123
[TRACE  ] 2024-01-18 11:05:21.893 [main] HSSFSheet - record took 0ms
[TRACE  ] 2024-01-18 11:05:21.893 [main] HSSFSheet - record id = fd
[TRACE  ] 2024-01-18 11:05:21.894 [main] InternalWorkbook - Returning SST for index=4 String= saurav@gmail.com
[TRACE  ] 2024-01-18 11:05:21.894 [main] HSSFSheet - record took 1ms
[TRACE  ] 2024-01-18 11:05:21.894 [main] HSSFSheet - record id = fd
[TRACE  ] 2024-01-18 11:05:21.894 [main] InternalWorkbook - Returning SST for index=3 String= Pass@123
[TRACE  ] 2024-01-18 11:05:21.894 [main] HSSFSheet - record took 0ms
[DEBUG  ] 2024-01-18 11:05:21.894 [main] HSSFSheet - total sheet cell creation took 18ms
[DEBUG  ] 2024-01-18 11:05:22.037 [main] InternalWorkbook - Workbook (readfile) created with reclen=103
[TRACE  ] 2024-01-18 11:05:22.038 [main] InternalWorkbook - found (sid=2057) record at 0
[TRACE  ] 2024-01-18 11:05:22.038 [main] InternalWorkbook - found (sid=66) record at 1
[TRACE  ] 2024-01-18 11:05:22.038 [main] InternalWorkbook - found tabid record at 2
[TRACE  ] 2024-01-18 11:05:22.038 [main] InternalWorkbook - found WindowOneRecord record at 3
[TRACE  ] 2024-01-18 11:05:22.038 [main] InternalWorkbook - found backup record at 4
[TRACE  ] 2024-01-18 11:05:22.038 [main] InternalWorkbook - found (sid=141) record at 5
[TRACE  ] 2024-01-18 11:05:22.038 [main] InternalWorkbook - found datewindow1904 record at 6
[TRACE  ] 2024-01-18 11:05:22.038 [main] InternalWorkbook - found (sid=14) record at 7
[TRACE  ] 2024-01-18 11:05:22.038 [main] InternalWorkbook - found (sid=439) record at 8
[TRACE  ] 2024-01-18 11:05:22.038 [main] InternalWorkbook - found (sid=218) record at 9
[TRACE  ] 2024-01-18 11:05:22.038 [main] InternalWorkbook - found font record at 10
[TRACE  ] 2024-01-18 11:05:22.039 [main] InternalWorkbook - found font record at 11
[TRACE  ] 2024-01-18 11:05:22.039 [main] InternalWorkbook - found font record at 12
[TRACE  ] 2024-01-18 11:05:22.039 [main] InternalWorkbook - found font record at 13
[TRACE  ] 2024-01-18 11:05:22.039 [main] InternalWorkbook - found font record at 14
[TRACE  ] 2024-01-18 11:05:22.039 [main] InternalWorkbook - found font record at 15
[TRACE  ] 2024-01-18 11:05:22.039 [main] InternalWorkbook - found XF record at 16
[TRACE  ] 2024-01-18 11:05:22.039 [main] InternalWorkbook - found XF record at 17
[TRACE  ] 2024-01-18 11:05:22.039 [main] InternalWorkbook - found XF record at 18
[TRACE  ] 2024-01-18 11:05:22.039 [main] InternalWorkbook - found XF record at 19
[TRACE  ] 2024-01-18 11:05:22.039 [main] InternalWorkbook - found XF record at 20
[TRACE  ] 2024-01-18 11:05:22.039 [main] InternalWorkbook - found XF record at 21
[TRACE  ] 2024-01-18 11:05:22.039 [main] InternalWorkbook - found XF record at 22
[TRACE  ] 2024-01-18 11:05:22.040 [main] InternalWorkbook - found XF record at 23
[TRACE  ] 2024-01-18 11:05:22.040 [main] InternalWorkbook - found XF record at 24
[TRACE  ] 2024-01-18 11:05:22.040 [main] InternalWorkbook - found XF record at 25
[TRACE  ] 2024-01-18 11:05:22.040 [main] InternalWorkbook - found XF record at 26
[TRACE  ] 2024-01-18 11:05:22.040 [main] InternalWorkbook - found XF record at 27
[TRACE  ] 2024-01-18 11:05:22.040 [main] InternalWorkbook - found XF record at 28
[TRACE  ] 2024-01-18 11:05:22.040 [main] InternalWorkbook - found XF record at 29
[TRACE  ] 2024-01-18 11:05:22.040 [main] InternalWorkbook - found XF record at 30
[TRACE  ] 2024-01-18 11:05:22.040 [main] InternalWorkbook - found XF record at 31
[TRACE  ] 2024-01-18 11:05:22.040 [main] InternalWorkbook - found XF record at 32
[TRACE  ] 2024-01-18 11:05:22.040 [main] InternalWorkbook - found XF record at 33
[TRACE  ] 2024-01-18 11:05:22.040 [main] InternalWorkbook - found XF record at 34
[TRACE  ] 2024-01-18 11:05:22.041 [main] InternalWorkbook - found XF record at 35
[TRACE  ] 2024-01-18 11:05:22.041 [main] InternalWorkbook - found XF record at 36
[TRACE  ] 2024-01-18 11:05:22.041 [main] InternalWorkbook - found XF record at 37
[TRACE  ] 2024-01-18 11:05:22.041 [main] InternalWorkbook - found XF record at 38
[TRACE  ] 2024-01-18 11:05:22.041 [main] InternalWorkbook - found (sid=2172) record at 39
[TRACE  ] 2024-01-18 11:05:22.041 [main] InternalWorkbook - found (sid=2173) record at 40
[TRACE  ] 2024-01-18 11:05:22.041 [main] InternalWorkbook - found (sid=2173) record at 41
[TRACE  ] 2024-01-18 11:05:22.041 [main] InternalWorkbook - found (sid=2173) record at 42
[TRACE  ] 2024-01-18 11:05:22.041 [main] InternalWorkbook - found (sid=2173) record at 43
[TRACE  ] 2024-01-18 11:05:22.041 [main] InternalWorkbook - found (sid=659) record at 44
[TRACE  ] 2024-01-18 11:05:22.041 [main] InternalWorkbook - found (sid=659) record at 45
[TRACE  ] 2024-01-18 11:05:22.041 [main] InternalWorkbook - found (sid=659) record at 46
[TRACE  ] 2024-01-18 11:05:22.042 [main] InternalWorkbook - found (sid=659) record at 47
[TRACE  ] 2024-01-18 11:05:22.042 [main] InternalWorkbook - found (sid=659) record at 48
[TRACE  ] 2024-01-18 11:05:22.042 [main] InternalWorkbook - found (sid=659) record at 49
[TRACE  ] 2024-01-18 11:05:22.042 [main] InternalWorkbook - found (sid=659) record at 50
[TRACE  ] 2024-01-18 11:05:22.042 [main] InternalWorkbook - found palette record at 51
[TRACE  ] 2024-01-18 11:05:22.042 [main] InternalWorkbook - found boundsheet record at 52
[TRACE  ] 2024-01-18 11:05:22.042 [main] InternalWorkbook - found (sid=140) record at 53
[DEBUG  ] 2024-01-18 11:05:22.042 [main] InternalWorkbook - found SupBook record at 54
[TRACE  ] 2024-01-18 11:05:22.042 [main] InternalWorkbook - found (sid=449) record at 56
[TRACE  ] 2024-01-18 11:05:22.042 [main] InternalWorkbook - found sst record at 57
[TRACE  ] 2024-01-18 11:05:22.042 [main] InternalWorkbook - found (sid=255) record at 58
[TRACE  ] 2024-01-18 11:05:22.043 [main] InternalWorkbook - found (sid=2198) record at 59
[TRACE  ] 2024-01-18 11:05:22.043 [main] InternalWorkbook - found (sid=2188) record at 60
[TRACE  ] 2024-01-18 11:05:22.043 [main] InternalWorkbook - found workbook eof record at 61
[TRACE  ] 2024-01-18 11:05:22.043 [main] InternalWorkbook - found (sid=2057) record at 62
[TRACE  ] 2024-01-18 11:05:22.043 [main] InternalWorkbook - found (sid=523) record at 63
[TRACE  ] 2024-01-18 11:05:22.043 [main] InternalWorkbook - found (sid=13) record at 64
[TRACE  ] 2024-01-18 11:05:22.043 [main] InternalWorkbook - found (sid=12) record at 65
[TRACE  ] 2024-01-18 11:05:22.043 [main] InternalWorkbook - found (sid=15) record at 66
[TRACE  ] 2024-01-18 11:05:22.043 [main] InternalWorkbook - found (sid=17) record at 67
[TRACE  ] 2024-01-18 11:05:22.043 [main] InternalWorkbook - found (sid=16) record at 68
[TRACE  ] 2024-01-18 11:05:22.043 [main] InternalWorkbook - found (sid=95) record at 69
[TRACE  ] 2024-01-18 11:05:22.044 [main] InternalWorkbook - found (sid=42) record at 70
[TRACE  ] 2024-01-18 11:05:22.045 [main] InternalWorkbook - found (sid=43) record at 71
[TRACE  ] 2024-01-18 11:05:22.045 [main] InternalWorkbook - found (sid=130) record at 72
[TRACE  ] 2024-01-18 11:05:22.045 [main] InternalWorkbook - found (sid=549) record at 73
[TRACE  ] 2024-01-18 11:05:22.045 [main] InternalWorkbook - found (sid=129) record at 74
[TRACE  ] 2024-01-18 11:05:22.045 [main] InternalWorkbook - found (sid=20) record at 75
[TRACE  ] 2024-01-18 11:05:22.045 [main] InternalWorkbook - found (sid=21) record at 76
[TRACE  ] 2024-01-18 11:05:22.045 [main] InternalWorkbook - found (sid=131) record at 77
[TRACE  ] 2024-01-18 11:05:22.045 [main] InternalWorkbook - found (sid=132) record at 78
[TRACE  ] 2024-01-18 11:05:22.045 [main] InternalWorkbook - found (sid=38) record at 79
[TRACE  ] 2024-01-18 11:05:22.045 [main] InternalWorkbook - found (sid=39) record at 80
[TRACE  ] 2024-01-18 11:05:22.045 [main] InternalWorkbook - found (sid=40) record at 81
[TRACE  ] 2024-01-18 11:05:22.045 [main] InternalWorkbook - found (sid=41) record at 82
[TRACE  ] 2024-01-18 11:05:22.045 [main] InternalWorkbook - found (sid=161) record at 83
[TRACE  ] 2024-01-18 11:05:22.045 [main] InternalWorkbook - found (sid=2204) record at 84
[TRACE  ] 2024-01-18 11:05:22.045 [main] InternalWorkbook - found (sid=125) record at 85
[TRACE  ] 2024-01-18 11:05:22.045 [main] InternalWorkbook - found (sid=125) record at 86
[TRACE  ] 2024-01-18 11:05:22.045 [main] InternalWorkbook - found (sid=512) record at 87
[TRACE  ] 2024-01-18 11:05:22.045 [main] InternalWorkbook - found (sid=520) record at 88
[TRACE  ] 2024-01-18 11:05:22.045 [main] InternalWorkbook - found (sid=520) record at 89
[TRACE  ] 2024-01-18 11:05:22.045 [main] InternalWorkbook - found (sid=520) record at 90
[TRACE  ] 2024-01-18 11:05:22.046 [main] InternalWorkbook - found (sid=253) record at 91
[TRACE  ] 2024-01-18 11:05:22.046 [main] InternalWorkbook - found (sid=253) record at 92
[TRACE  ] 2024-01-18 11:05:22.046 [main] InternalWorkbook - found (sid=253) record at 93
[TRACE  ] 2024-01-18 11:05:22.046 [main] InternalWorkbook - found (sid=253) record at 94
[TRACE  ] 2024-01-18 11:05:22.046 [main] InternalWorkbook - found (sid=253) record at 95
[TRACE  ] 2024-01-18 11:05:22.046 [main] InternalWorkbook - found (sid=253) record at 96
[TRACE  ] 2024-01-18 11:05:22.046 [main] InternalWorkbook - found (sid=574) record at 97
[TRACE  ] 2024-01-18 11:05:22.046 [main] InternalWorkbook - found (sid=29) record at 98
[TRACE  ] 2024-01-18 11:05:22.046 [main] InternalWorkbook - found (sid=171) record at 99
[TRACE  ] 2024-01-18 11:05:22.046 [main] InternalWorkbook - found Hyperlink record at 100
[TRACE  ] 2024-01-18 11:05:22.046 [main] InternalWorkbook - found Hyperlink record at 101
[TRACE  ] 2024-01-18 11:05:22.046 [main] InternalWorkbook - found workbook eof record at 102
[DEBUG  ] 2024-01-18 11:05:22.047 [main] InternalWorkbook - exit create workbook from existing file function
[DEBUG  ] 2024-01-18 11:05:22.047 [main] HSSFWorkbook - convertLabelRecords called
[DEBUG  ] 2024-01-18 11:05:22.047 [main] HSSFWorkbook - convertLabelRecords exit
[DEBUG  ] 2024-01-18 11:05:22.048 [main] InternalSheet - sheet createSheet (existing file) exited
[DEBUG  ] 2024-01-18 11:05:22.048 [main] HSSFSheet - Time at start of cell creating in HSSF sheet = 1705556122048
[TRACE  ] 2024-01-18 11:05:22.048 [main] HSSFSheet - record id = fd
[TRACE  ] 2024-01-18 11:05:22.048 [main] InternalWorkbook - Returning SST for index=0 String= ValidUser
[TRACE  ] 2024-01-18 11:05:22.048 [main] HSSFSheet - record took 0ms
[TRACE  ] 2024-01-18 11:05:22.048 [main] HSSFSheet - record id = fd
[TRACE  ] 2024-01-18 11:05:22.048 [main] InternalWorkbook - Returning SST for index=1 String= InvalidPass
[TRACE  ] 2024-01-18 11:05:22.048 [main] HSSFSheet - record took 0ms
[TRACE  ] 2024-01-18 11:05:22.048 [main] HSSFSheet - record id = fd
[TRACE  ] 2024-01-18 11:05:22.049 [main] InternalWorkbook - Returning SST for index=2 String= Gaurav@gmail.com
[TRACE  ] 2024-01-18 11:05:22.049 [main] HSSFSheet - record took 1ms
[TRACE  ] 2024-01-18 11:05:22.049 [main] HSSFSheet - record id = fd
[TRACE  ] 2024-01-18 11:05:22.049 [main] InternalWorkbook - Returning SST for index=3 String= Pass@123
[TRACE  ] 2024-01-18 11:05:22.049 [main] HSSFSheet - record took 0ms
[TRACE  ] 2024-01-18 11:05:22.049 [main] HSSFSheet - record id = fd
[TRACE  ] 2024-01-18 11:05:22.049 [main] InternalWorkbook - Returning SST for index=4 String= saurav@gmail.com
[TRACE  ] 2024-01-18 11:05:22.049 [main] HSSFSheet - record took 0ms
[TRACE  ] 2024-01-18 11:05:22.049 [main] HSSFSheet - record id = fd
[TRACE  ] 2024-01-18 11:05:22.049 [main] InternalWorkbook - Returning SST for index=3 String= Pass@123
[TRACE  ] 2024-01-18 11:05:22.049 [main] HSSFSheet - record took 0ms
[DEBUG  ] 2024-01-18 11:05:22.049 [main] HSSFSheet - total sheet cell creation took 1ms
[INFO   ] 2024-01-18 11:05:23.741 [main] MyAccountLogin - User successfully got error message
[DEBUG  ] 2024-01-18 11:06:48.424 [main] InternalWorkbook - Workbook (readfile) created with reclen=103
[TRACE  ] 2024-01-18 11:06:48.431 [main] InternalWorkbook - found (sid=2057) record at 0
[TRACE  ] 2024-01-18 11:06:48.432 [main] InternalWorkbook - found (sid=66) record at 1
[TRACE  ] 2024-01-18 11:06:48.432 [main] InternalWorkbook - found tabid record at 2
[TRACE  ] 2024-01-18 11:06:48.432 [main] InternalWorkbook - found WindowOneRecord record at 3
[TRACE  ] 2024-01-18 11:06:48.432 [main] InternalWorkbook - found backup record at 4
[TRACE  ] 2024-01-18 11:06:48.432 [main] InternalWorkbook - found (sid=141) record at 5
[TRACE  ] 2024-01-18 11:06:48.432 [main] InternalWorkbook - found datewindow1904 record at 6
[TRACE  ] 2024-01-18 11:06:48.432 [main] InternalWorkbook - found (sid=14) record at 7
[TRACE  ] 2024-01-18 11:06:48.433 [main] InternalWorkbook - found (sid=439) record at 8
[TRACE  ] 2024-01-18 11:06:48.433 [main] InternalWorkbook - found (sid=218) record at 9
[TRACE  ] 2024-01-18 11:06:48.433 [main] InternalWorkbook - found font record at 10
[TRACE  ] 2024-01-18 11:06:48.433 [main] InternalWorkbook - found font record at 11
[TRACE  ] 2024-01-18 11:06:48.433 [main] InternalWorkbook - found font record at 12
[TRACE  ] 2024-01-18 11:06:48.433 [main] InternalWorkbook - found font record at 13
[TRACE  ] 2024-01-18 11:06:48.434 [main] InternalWorkbook - found font record at 14
[TRACE  ] 2024-01-18 11:06:48.434 [main] InternalWorkbook - found font record at 15
[TRACE  ] 2024-01-18 11:06:48.434 [main] InternalWorkbook - found XF record at 16
[TRACE  ] 2024-01-18 11:06:48.434 [main] InternalWorkbook - found XF record at 17
[TRACE  ] 2024-01-18 11:06:48.434 [main] InternalWorkbook - found XF record at 18
[TRACE  ] 2024-01-18 11:06:48.434 [main] InternalWorkbook - found XF record at 19
[TRACE  ] 2024-01-18 11:06:48.434 [main] InternalWorkbook - found XF record at 20
[TRACE  ] 2024-01-18 11:06:48.434 [main] InternalWorkbook - found XF record at 21
[TRACE  ] 2024-01-18 11:06:48.434 [main] InternalWorkbook - found XF record at 22
[TRACE  ] 2024-01-18 11:06:48.434 [main] InternalWorkbook - found XF record at 23
[TRACE  ] 2024-01-18 11:06:48.435 [main] InternalWorkbook - found XF record at 24
[TRACE  ] 2024-01-18 11:06:48.435 [main] InternalWorkbook - found XF record at 25
[TRACE  ] 2024-01-18 11:06:48.435 [main] InternalWorkbook - found XF record at 26
[TRACE  ] 2024-01-18 11:06:48.435 [main] InternalWorkbook - found XF record at 27
[TRACE  ] 2024-01-18 11:06:48.435 [main] InternalWorkbook - found XF record at 28
[TRACE  ] 2024-01-18 11:06:48.435 [main] InternalWorkbook - found XF record at 29
[TRACE  ] 2024-01-18 11:06:48.435 [main] InternalWorkbook - found XF record at 30
[TRACE  ] 2024-01-18 11:06:48.435 [main] InternalWorkbook - found XF record at 31
[TRACE  ] 2024-01-18 11:06:48.436 [main] InternalWorkbook - found XF record at 32
[TRACE  ] 2024-01-18 11:06:48.436 [main] InternalWorkbook - found XF record at 33
[TRACE  ] 2024-01-18 11:06:48.436 [main] InternalWorkbook - found XF record at 34
[TRACE  ] 2024-01-18 11:06:48.436 [main] InternalWorkbook - found XF record at 35
[TRACE  ] 2024-01-18 11:06:48.436 [main] InternalWorkbook - found XF record at 36
[TRACE  ] 2024-01-18 11:06:48.436 [main] InternalWorkbook - found XF record at 37
[TRACE  ] 2024-01-18 11:06:48.436 [main] InternalWorkbook - found XF record at 38
[TRACE  ] 2024-01-18 11:06:48.436 [main] InternalWorkbook - found (sid=2172) record at 39
[TRACE  ] 2024-01-18 11:06:48.436 [main] InternalWorkbook - found (sid=2173) record at 40
[TRACE  ] 2024-01-18 11:06:48.436 [main] InternalWorkbook - found (sid=2173) record at 41
[TRACE  ] 2024-01-18 11:06:48.437 [main] InternalWorkbook - found (sid=2173) record at 42
[TRACE  ] 2024-01-18 11:06:48.437 [main] InternalWorkbook - found (sid=2173) record at 43
[TRACE  ] 2024-01-18 11:06:48.437 [main] InternalWorkbook - found (sid=659) record at 44
[TRACE  ] 2024-01-18 11:06:48.437 [main] InternalWorkbook - found (sid=659) record at 45
[TRACE  ] 2024-01-18 11:06:48.437 [main] InternalWorkbook - found (sid=659) record at 46
[TRACE  ] 2024-01-18 11:06:48.437 [main] InternalWorkbook - found (sid=659) record at 47
[TRACE  ] 2024-01-18 11:06:48.437 [main] InternalWorkbook - found (sid=659) record at 48
[TRACE  ] 2024-01-18 11:06:48.437 [main] InternalWorkbook - found (sid=659) record at 49
[TRACE  ] 2024-01-18 11:06:48.437 [main] InternalWorkbook - found (sid=659) record at 50
[TRACE  ] 2024-01-18 11:06:48.437 [main] InternalWorkbook - found palette record at 51
[TRACE  ] 2024-01-18 11:06:48.439 [main] InternalWorkbook - found boundsheet record at 52
[TRACE  ] 2024-01-18 11:06:48.439 [main] InternalWorkbook - found (sid=140) record at 53
[DEBUG  ] 2024-01-18 11:06:48.439 [main] InternalWorkbook - found SupBook record at 54
[TRACE  ] 2024-01-18 11:06:48.442 [main] InternalWorkbook - found (sid=449) record at 56
[TRACE  ] 2024-01-18 11:06:48.442 [main] InternalWorkbook - found sst record at 57
[TRACE  ] 2024-01-18 11:06:48.442 [main] InternalWorkbook - found (sid=255) record at 58
[TRACE  ] 2024-01-18 11:06:48.442 [main] InternalWorkbook - found (sid=2198) record at 59
[TRACE  ] 2024-01-18 11:06:48.442 [main] InternalWorkbook - found (sid=2188) record at 60
[TRACE  ] 2024-01-18 11:06:48.443 [main] InternalWorkbook - found workbook eof record at 61
[TRACE  ] 2024-01-18 11:06:48.443 [main] InternalWorkbook - found (sid=2057) record at 62
[TRACE  ] 2024-01-18 11:06:48.443 [main] InternalWorkbook - found (sid=523) record at 63
[TRACE  ] 2024-01-18 11:06:48.443 [main] InternalWorkbook - found (sid=13) record at 64
[TRACE  ] 2024-01-18 11:06:48.443 [main] InternalWorkbook - found (sid=12) record at 65
[TRACE  ] 2024-01-18 11:06:48.443 [main] InternalWorkbook - found (sid=15) record at 66
[TRACE  ] 2024-01-18 11:06:48.443 [main] InternalWorkbook - found (sid=17) record at 67
[TRACE  ] 2024-01-18 11:06:48.444 [main] InternalWorkbook - found (sid=16) record at 68
[TRACE  ] 2024-01-18 11:06:48.444 [main] InternalWorkbook - found (sid=95) record at 69
[TRACE  ] 2024-01-18 11:06:48.444 [main] InternalWorkbook - found (sid=42) record at 70
[TRACE  ] 2024-01-18 11:06:48.444 [main] InternalWorkbook - found (sid=43) record at 71
[TRACE  ] 2024-01-18 11:06:48.444 [main] InternalWorkbook - found (sid=130) record at 72
[TRACE  ] 2024-01-18 11:06:48.444 [main] InternalWorkbook - found (sid=549) record at 73
[TRACE  ] 2024-01-18 11:06:48.444 [main] InternalWorkbook - found (sid=129) record at 74
[TRACE  ] 2024-01-18 11:06:48.444 [main] InternalWorkbook - found (sid=20) record at 75
[TRACE  ] 2024-01-18 11:06:48.445 [main] InternalWorkbook - found (sid=21) record at 76
[TRACE  ] 2024-01-18 11:06:48.445 [main] InternalWorkbook - found (sid=131) record at 77
[TRACE  ] 2024-01-18 11:06:48.445 [main] InternalWorkbook - found (sid=132) record at 78
[TRACE  ] 2024-01-18 11:06:48.445 [main] InternalWorkbook - found (sid=38) record at 79
[TRACE  ] 2024-01-18 11:06:48.445 [main] InternalWorkbook - found (sid=39) record at 80
[TRACE  ] 2024-01-18 11:06:48.445 [main] InternalWorkbook - found (sid=40) record at 81
[TRACE  ] 2024-01-18 11:06:48.446 [main] InternalWorkbook - found (sid=41) record at 82
[TRACE  ] 2024-01-18 11:06:48.446 [main] InternalWorkbook - found (sid=161) record at 83
[TRACE  ] 2024-01-18 11:06:48.446 [main] InternalWorkbook - found (sid=2204) record at 84
[TRACE  ] 2024-01-18 11:06:48.446 [main] InternalWorkbook - found (sid=125) record at 85
[TRACE  ] 2024-01-18 11:06:48.446 [main] InternalWorkbook - found (sid=125) record at 86
[TRACE  ] 2024-01-18 11:06:48.446 [main] InternalWorkbook - found (sid=512) record at 87
[TRACE  ] 2024-01-18 11:06:48.447 [main] InternalWorkbook - found (sid=520) record at 88
[TRACE  ] 2024-01-18 11:06:48.447 [main] InternalWorkbook - found (sid=520) record at 89
[TRACE  ] 2024-01-18 11:06:48.447 [main] InternalWorkbook - found (sid=520) record at 90
[TRACE  ] 2024-01-18 11:06:48.447 [main] InternalWorkbook - found (sid=253) record at 91
[TRACE  ] 2024-01-18 11:06:48.447 [main] InternalWorkbook - found (sid=253) record at 92
[TRACE  ] 2024-01-18 11:06:48.447 [main] InternalWorkbook - found (sid=253) record at 93
[TRACE  ] 2024-01-18 11:06:48.447 [main] InternalWorkbook - found (sid=253) record at 94
[TRACE  ] 2024-01-18 11:06:48.447 [main] InternalWorkbook - found (sid=253) record at 95
[TRACE  ] 2024-01-18 11:06:48.447 [main] InternalWorkbook - found (sid=253) record at 96
[TRACE  ] 2024-01-18 11:06:48.447 [main] InternalWorkbook - found (sid=574) record at 97
[TRACE  ] 2024-01-18 11:06:48.447 [main] InternalWorkbook - found (sid=29) record at 98
[TRACE  ] 2024-01-18 11:06:48.447 [main] InternalWorkbook - found (sid=171) record at 99
[TRACE  ] 2024-01-18 11:06:48.447 [main] InternalWorkbook - found Hyperlink record at 100
[TRACE  ] 2024-01-18 11:06:48.447 [main] InternalWorkbook - found Hyperlink record at 101
[TRACE  ] 2024-01-18 11:06:48.448 [main] InternalWorkbook - found workbook eof record at 102
[DEBUG  ] 2024-01-18 11:06:48.449 [main] InternalWorkbook - exit create workbook from existing file function
[DEBUG  ] 2024-01-18 11:06:48.449 [main] HSSFWorkbook - convertLabelRecords called
[DEBUG  ] 2024-01-18 11:06:48.449 [main] HSSFWorkbook - convertLabelRecords exit
[DEBUG  ] 2024-01-18 11:06:48.470 [main] InternalSheet - sheet createSheet (existing file) exited
[DEBUG  ] 2024-01-18 11:06:48.497 [main] HSSFSheet - Time at start of cell creating in HSSF sheet = 1705556208497
[TRACE  ] 2024-01-18 11:06:48.500 [main] HSSFSheet - record id = fd
[TRACE  ] 2024-01-18 11:06:48.511 [main] InternalWorkbook - Returning SST for index=0 String= ValidUser
[TRACE  ] 2024-01-18 11:06:48.511 [main] HSSFSheet - record took 13ms
[TRACE  ] 2024-01-18 11:06:48.511 [main] HSSFSheet - record id = fd
[TRACE  ] 2024-01-18 11:06:48.511 [main] InternalWorkbook - Returning SST for index=1 String= InvalidPass
[TRACE  ] 2024-01-18 11:06:48.511 [main] HSSFSheet - record took 0ms
[TRACE  ] 2024-01-18 11:06:48.511 [main] HSSFSheet - record id = fd
[TRACE  ] 2024-01-18 11:06:48.512 [main] InternalWorkbook - Returning SST for index=2 String= Gaurav@gmail.com
[TRACE  ] 2024-01-18 11:06:48.512 [main] HSSFSheet - record took 1ms
[TRACE  ] 2024-01-18 11:06:48.512 [main] HSSFSheet - record id = fd
[TRACE  ] 2024-01-18 11:06:48.512 [main] InternalWorkbook - Returning SST for index=3 String= Pass@123
[TRACE  ] 2024-01-18 11:06:48.512 [main] HSSFSheet - record took 0ms
[TRACE  ] 2024-01-18 11:06:48.512 [main] HSSFSheet - record id = fd
[TRACE  ] 2024-01-18 11:06:48.512 [main] InternalWorkbook - Returning SST for index=4 String= saurav@gmail.com
[TRACE  ] 2024-01-18 11:06:48.513 [main] HSSFSheet - record took 0ms
[TRACE  ] 2024-01-18 11:06:48.513 [main] HSSFSheet - record id = fd
[TRACE  ] 2024-01-18 11:06:48.513 [main] InternalWorkbook - Returning SST for index=3 String= Pass@123
[TRACE  ] 2024-01-18 11:06:48.513 [main] HSSFSheet - record took 0ms
[DEBUG  ] 2024-01-18 11:06:48.513 [main] HSSFSheet - total sheet cell creation took 16ms
[DEBUG  ] 2024-01-18 11:06:48.624 [main] InternalWorkbook - Workbook (readfile) created with reclen=103
[TRACE  ] 2024-01-18 11:06:48.624 [main] InternalWorkbook - found (sid=2057) record at 0
[TRACE  ] 2024-01-18 11:06:48.624 [main] InternalWorkbook - found (sid=66) record at 1
[TRACE  ] 2024-01-18 11:06:48.625 [main] InternalWorkbook - found tabid record at 2
[TRACE  ] 2024-01-18 11:06:48.625 [main] InternalWorkbook - found WindowOneRecord record at 3
[TRACE  ] 2024-01-18 11:06:48.625 [main] InternalWorkbook - found backup record at 4
[TRACE  ] 2024-01-18 11:06:48.625 [main] InternalWorkbook - found (sid=141) record at 5
[TRACE  ] 2024-01-18 11:06:48.625 [main] InternalWorkbook - found datewindow1904 record at 6
[TRACE  ] 2024-01-18 11:06:48.625 [main] InternalWorkbook - found (sid=14) record at 7
[TRACE  ] 2024-01-18 11:06:48.625 [main] InternalWorkbook - found (sid=439) record at 8
[TRACE  ] 2024-01-18 11:06:48.625 [main] InternalWorkbook - found (sid=218) record at 9
[TRACE  ] 2024-01-18 11:06:48.625 [main] InternalWorkbook - found font record at 10
[TRACE  ] 2024-01-18 11:06:48.625 [main] InternalWorkbook - found font record at 11
[TRACE  ] 2024-01-18 11:06:48.625 [main] InternalWorkbook - found font record at 12
[TRACE  ] 2024-01-18 11:06:48.626 [main] InternalWorkbook - found font record at 13
[TRACE  ] 2024-01-18 11:06:48.626 [main] InternalWorkbook - found font record at 14
[TRACE  ] 2024-01-18 11:06:48.626 [main] InternalWorkbook - found font record at 15
[TRACE  ] 2024-01-18 11:06:48.626 [main] InternalWorkbook - found XF record at 16
[TRACE  ] 2024-01-18 11:06:48.626 [main] InternalWorkbook - found XF record at 17
[TRACE  ] 2024-01-18 11:06:48.626 [main] InternalWorkbook - found XF record at 18
[TRACE  ] 2024-01-18 11:06:48.626 [main] InternalWorkbook - found XF record at 19
[TRACE  ] 2024-01-18 11:06:48.626 [main] InternalWorkbook - found XF record at 20
[TRACE  ] 2024-01-18 11:06:48.626 [main] InternalWorkbook - found XF record at 21
[TRACE  ] 2024-01-18 11:06:48.626 [main] InternalWorkbook - found XF record at 22
[TRACE  ] 2024-01-18 11:06:48.626 [main] InternalWorkbook - found XF record at 23
[TRACE  ] 2024-01-18 11:06:48.626 [main] InternalWorkbook - found XF record at 24
[TRACE  ] 2024-01-18 11:06:48.626 [main] InternalWorkbook - found XF record at 25
[TRACE  ] 2024-01-18 11:06:48.627 [main] InternalWorkbook - found XF record at 26
[TRACE  ] 2024-01-18 11:06:48.627 [main] InternalWorkbook - found XF record at 27
[TRACE  ] 2024-01-18 11:06:48.627 [main] InternalWorkbook - found XF record at 28
[TRACE  ] 2024-01-18 11:06:48.627 [main] InternalWorkbook - found XF record at 29
[TRACE  ] 2024-01-18 11:06:48.627 [main] InternalWorkbook - found XF record at 30
[TRACE  ] 2024-01-18 11:06:48.627 [main] InternalWorkbook - found XF record at 31
[TRACE  ] 2024-01-18 11:06:48.627 [main] InternalWorkbook - found XF record at 32
[TRACE  ] 2024-01-18 11:06:48.627 [main] InternalWorkbook - found XF record at 33
[TRACE  ] 2024-01-18 11:06:48.627 [main] InternalWorkbook - found XF record at 34
[TRACE  ] 2024-01-18 11:06:48.628 [main] InternalWorkbook - found XF record at 35
[TRACE  ] 2024-01-18 11:06:48.628 [main] InternalWorkbook - found XF record at 36
[TRACE  ] 2024-01-18 11:06:48.628 [main] InternalWorkbook - found XF record at 37
[TRACE  ] 2024-01-18 11:06:48.628 [main] InternalWorkbook - found XF record at 38
[TRACE  ] 2024-01-18 11:06:48.628 [main] InternalWorkbook - found (sid=2172) record at 39
[TRACE  ] 2024-01-18 11:06:48.628 [main] InternalWorkbook - found (sid=2173) record at 40
[TRACE  ] 2024-01-18 11:06:48.629 [main] InternalWorkbook - found (sid=2173) record at 41
[TRACE  ] 2024-01-18 11:06:48.629 [main] InternalWorkbook - found (sid=2173) record at 42
[TRACE  ] 2024-01-18 11:06:48.629 [main] InternalWorkbook - found (sid=2173) record at 43
[TRACE  ] 2024-01-18 11:06:48.629 [main] InternalWorkbook - found (sid=659) record at 44
[TRACE  ] 2024-01-18 11:06:48.629 [main] InternalWorkbook - found (sid=659) record at 45
[TRACE  ] 2024-01-18 11:06:48.630 [main] InternalWorkbook - found (sid=659) record at 46
[TRACE  ] 2024-01-18 11:06:48.630 [main] InternalWorkbook - found (sid=659) record at 47
[TRACE  ] 2024-01-18 11:06:48.630 [main] InternalWorkbook - found (sid=659) record at 48
[TRACE  ] 2024-01-18 11:06:48.630 [main] InternalWorkbook - found (sid=659) record at 49
[TRACE  ] 2024-01-18 11:06:48.630 [main] InternalWorkbook - found (sid=659) record at 50
[TRACE  ] 2024-01-18 11:06:48.630 [main] InternalWorkbook - found palette record at 51
[TRACE  ] 2024-01-18 11:06:48.630 [main] InternalWorkbook - found boundsheet record at 52
[TRACE  ] 2024-01-18 11:06:48.630 [main] InternalWorkbook - found (sid=140) record at 53
[DEBUG  ] 2024-01-18 11:06:48.630 [main] InternalWorkbook - found SupBook record at 54
[TRACE  ] 2024-01-18 11:06:48.630 [main] InternalWorkbook - found (sid=449) record at 56
[TRACE  ] 2024-01-18 11:06:48.631 [main] InternalWorkbook - found sst record at 57
[TRACE  ] 2024-01-18 11:06:48.631 [main] InternalWorkbook - found (sid=255) record at 58
[TRACE  ] 2024-01-18 11:06:48.631 [main] InternalWorkbook - found (sid=2198) record at 59
[TRACE  ] 2024-01-18 11:06:48.631 [main] InternalWorkbook - found (sid=2188) record at 60
[TRACE  ] 2024-01-18 11:06:48.631 [main] InternalWorkbook - found workbook eof record at 61
[TRACE  ] 2024-01-18 11:06:48.631 [main] InternalWorkbook - found (sid=2057) record at 62
[TRACE  ] 2024-01-18 11:06:48.631 [main] InternalWorkbook - found (sid=523) record at 63
[TRACE  ] 2024-01-18 11:06:48.631 [main] InternalWorkbook - found (sid=13) record at 64
[TRACE  ] 2024-01-18 11:06:48.631 [main] InternalWorkbook - found (sid=12) record at 65
[TRACE  ] 2024-01-18 11:06:48.631 [main] InternalWorkbook - found (sid=15) record at 66
[TRACE  ] 2024-01-18 11:06:48.631 [main] InternalWorkbook - found (sid=17) record at 67
[TRACE  ] 2024-01-18 11:06:48.632 [main] InternalWorkbook - found (sid=16) record at 68
[TRACE  ] 2024-01-18 11:06:48.632 [main] InternalWorkbook - found (sid=95) record at 69
[TRACE  ] 2024-01-18 11:06:48.632 [main] InternalWorkbook - found (sid=42) record at 70
[TRACE  ] 2024-01-18 11:06:48.632 [main] InternalWorkbook - found (sid=43) record at 71
[TRACE  ] 2024-01-18 11:06:48.632 [main] InternalWorkbook - found (sid=130) record at 72
[TRACE  ] 2024-01-18 11:06:48.632 [main] InternalWorkbook - found (sid=549) record at 73
[TRACE  ] 2024-01-18 11:06:48.632 [main] InternalWorkbook - found (sid=129) record at 74
[TRACE  ] 2024-01-18 11:06:48.632 [main] InternalWorkbook - found (sid=20) record at 75
[TRACE  ] 2024-01-18 11:06:48.632 [main] InternalWorkbook - found (sid=21) record at 76
[TRACE  ] 2024-01-18 11:06:48.632 [main] InternalWorkbook - found (sid=131) record at 77
[TRACE  ] 2024-01-18 11:06:48.633 [main] InternalWorkbook - found (sid=132) record at 78
[TRACE  ] 2024-01-18 11:06:48.633 [main] InternalWorkbook - found (sid=38) record at 79
[TRACE  ] 2024-01-18 11:06:48.633 [main] InternalWorkbook - found (sid=39) record at 80
[TRACE  ] 2024-01-18 11:06:48.633 [main] InternalWorkbook - found (sid=40) record at 81
[TRACE  ] 2024-01-18 11:06:48.633 [main] InternalWorkbook - found (sid=41) record at 82
[TRACE  ] 2024-01-18 11:06:48.633 [main] InternalWorkbook - found (sid=161) record at 83
[TRACE  ] 2024-01-18 11:06:48.633 [main] InternalWorkbook - found (sid=2204) record at 84
[TRACE  ] 2024-01-18 11:06:48.633 [main] InternalWorkbook - found (sid=125) record at 85
[TRACE  ] 2024-01-18 11:06:48.633 [main] InternalWorkbook - found (sid=125) record at 86
[TRACE  ] 2024-01-18 11:06:48.633 [main] InternalWorkbook - found (sid=512) record at 87
[TRACE  ] 2024-01-18 11:06:48.634 [main] InternalWorkbook - found (sid=520) record at 88
[TRACE  ] 2024-01-18 11:06:48.634 [main] InternalWorkbook - found (sid=520) record at 89
[TRACE  ] 2024-01-18 11:06:48.634 [main] InternalWorkbook - found (sid=520) record at 90
[TRACE  ] 2024-01-18 11:06:48.634 [main] InternalWorkbook - found (sid=253) record at 91
[TRACE  ] 2024-01-18 11:06:48.634 [main] InternalWorkbook - found (sid=253) record at 92
[TRACE  ] 2024-01-18 11:06:48.634 [main] InternalWorkbook - found (sid=253) record at 93
[TRACE  ] 2024-01-18 11:06:48.634 [main] InternalWorkbook - found (sid=253) record at 94
[TRACE  ] 2024-01-18 11:06:48.634 [main] InternalWorkbook - found (sid=253) record at 95
[TRACE  ] 2024-01-18 11:06:48.634 [main] InternalWorkbook - found (sid=253) record at 96
[TRACE  ] 2024-01-18 11:06:48.635 [main] InternalWorkbook - found (sid=574) record at 97
[TRACE  ] 2024-01-18 11:06:48.635 [main] InternalWorkbook - found (sid=29) record at 98
[TRACE  ] 2024-01-18 11:06:48.635 [main] InternalWorkbook - found (sid=171) record at 99
[TRACE  ] 2024-01-18 11:06:48.635 [main] InternalWorkbook - found Hyperlink record at 100
[TRACE  ] 2024-01-18 11:06:48.635 [main] InternalWorkbook - found Hyperlink record at 101
[TRACE  ] 2024-01-18 11:06:48.635 [main] InternalWorkbook - found workbook eof record at 102
[DEBUG  ] 2024-01-18 11:06:48.635 [main] InternalWorkbook - exit create workbook from existing file function
[DEBUG  ] 2024-01-18 11:06:48.635 [main] HSSFWorkbook - convertLabelRecords called
[DEBUG  ] 2024-01-18 11:06:48.635 [main] HSSFWorkbook - convertLabelRecords exit
[DEBUG  ] 2024-01-18 11:06:48.635 [main] InternalSheet - sheet createSheet (existing file) exited
[DEBUG  ] 2024-01-18 11:06:48.635 [main] HSSFSheet - Time at start of cell creating in HSSF sheet = 1705556208635
[TRACE  ] 2024-01-18 11:06:48.636 [main] HSSFSheet - record id = fd
[TRACE  ] 2024-01-18 11:06:48.636 [main] InternalWorkbook - Returning SST for index=0 String= ValidUser
[TRACE  ] 2024-01-18 11:06:48.636 [main] HSSFSheet - record took 1ms
[TRACE  ] 2024-01-18 11:06:48.636 [main] HSSFSheet - record id = fd
[TRACE  ] 2024-01-18 11:06:48.636 [main] InternalWorkbook - Returning SST for index=1 String= InvalidPass
[TRACE  ] 2024-01-18 11:06:48.636 [main] HSSFSheet - record took 0ms
[TRACE  ] 2024-01-18 11:06:48.636 [main] HSSFSheet - record id = fd
[TRACE  ] 2024-01-18 11:06:48.636 [main] InternalWorkbook - Returning SST for index=2 String= Gaurav@gmail.com
[TRACE  ] 2024-01-18 11:06:48.637 [main] HSSFSheet - record took 1ms
[TRACE  ] 2024-01-18 11:06:48.637 [main] HSSFSheet - record id = fd
[TRACE  ] 2024-01-18 11:06:48.637 [main] InternalWorkbook - Returning SST for index=3 String= Pass@123
[TRACE  ] 2024-01-18 11:06:48.637 [main] HSSFSheet - record took 0ms
[TRACE  ] 2024-01-18 11:06:48.637 [main] HSSFSheet - record id = fd
[TRACE  ] 2024-01-18 11:06:48.637 [main] InternalWorkbook - Returning SST for index=4 String= saurav@gmail.com
[TRACE  ] 2024-01-18 11:06:48.637 [main] HSSFSheet - record took 0ms
[TRACE  ] 2024-01-18 11:06:48.637 [main] HSSFSheet - record id = fd
[TRACE  ] 2024-01-18 11:06:48.637 [main] InternalWorkbook - Returning SST for index=3 String= Pass@123
[TRACE  ] 2024-01-18 11:06:48.637 [main] HSSFSheet - record took 0ms
[DEBUG  ] 2024-01-18 11:06:48.637 [main] HSSFSheet - total sheet cell creation took 2ms
[INFO   ] 2024-01-18 11:06:50.361 [main] MyAccountLogin - User successfully got error message
