[DEBUG] 2024-01-18 11:29:24.545 [main] InternalWorkbook - Workbook (readfile) created with reclen=103
[DEBUG] 2024-01-18 11:29:24.550 [main] InternalWorkbook - found SupBook record at 54
[DEBUG] 2024-01-18 11:29:24.554 [main] InternalWorkbook - exit create workbook from existing file function
[DEBUG] 2024-01-18 11:29:24.554 [main] HSSFWorkbook - convertLabelRecords called
[DEBUG] 2024-01-18 11:29:24.554 [main] HSSFWorkbook - convertLabelRecords exit
[DEBUG] 2024-01-18 11:29:24.570 [main] InternalSheet - sheet createSheet (existing file) exited
[DEBUG] 2024-01-18 11:29:24.586 [main] HSSFSheet - Time at start of cell creating in HSSF sheet = 1705557564586
[DEBUG] 2024-01-18 11:29:24.595 [main] HSSFSheet - total sheet cell creation took 9ms
[DEBUG] 2024-01-18 11:29:24.718 [main] InternalWorkbook - Workbook (readfile) created with reclen=103
[DEBUG] 2024-01-18 11:29:24.718 [main] InternalWorkbook - found SupBook record at 54
[DEBUG] 2024-01-18 11:29:24.719 [main] InternalWorkbook - exit create workbook from existing file function
[DEBUG] 2024-01-18 11:29:24.719 [main] HSSFWorkbook - convertLabelRecords called
[DEBUG] 2024-01-18 11:29:24.719 [main] HSSFWorkbook - convertLabelRecords exit
[DEBUG] 2024-01-18 11:29:24.719 [main] InternalSheet - sheet createSheet (existing file) exited
[DEBUG] 2024-01-18 11:29:24.719 [main] HSSFSheet - Time at start of cell creating in HSSF sheet = 1705557564719
[DEBUG] 2024-01-18 11:29:24.719 [main] HSSFSheet - total sheet cell creation took 0ms
[INFO ] 2024-01-18 11:29:26.031 [main] MyAccountLogin - User successfully got error message
[DEBUG] 2024-01-18 11:40:04.959 [main] InternalWorkbook - Workbook (readfile) created with reclen=103
[DEBUG] 2024-01-18 11:40:04.964 [main] InternalWorkbook - found SupBook record at 54
[DEBUG] 2024-01-18 11:40:04.971 [main] InternalWorkbook - exit create workbook from existing file function
[DEBUG] 2024-01-18 11:40:04.972 [main] HSSFWorkbook - convertLabelRecords called
[DEBUG] 2024-01-18 11:40:04.972 [main] HSSFWorkbook - convertLabelRecords exit
[DEBUG] 2024-01-18 11:40:04.988 [main] InternalSheet - sheet createSheet (existing file) exited
[DEBUG] 2024-01-18 11:40:05.009 [main] HSSFSheet - Time at start of cell creating in HSSF sheet = 1705558205009
[DEBUG] 2024-01-18 11:40:05.024 [main] HSSFSheet - total sheet cell creation took 15ms
[DEBUG] 2024-01-18 11:40:05.173 [main] InternalWorkbook - Workbook (readfile) created with reclen=103
[DEBUG] 2024-01-18 11:40:05.173 [main] InternalWorkbook - found SupBook record at 54
[DEBUG] 2024-01-18 11:40:05.174 [main] InternalWorkbook - exit create workbook from existing file function
[DEBUG] 2024-01-18 11:40:05.174 [main] HSSFWorkbook - convertLabelRecords called
[DEBUG] 2024-01-18 11:40:05.174 [main] HSSFWorkbook - convertLabelRecords exit
[DEBUG] 2024-01-18 11:40:05.175 [main] InternalSheet - sheet createSheet (existing file) exited
[DEBUG] 2024-01-18 11:40:05.175 [main] HSSFSheet - Time at start of cell creating in HSSF sheet = 1705558205175
[DEBUG] 2024-01-18 11:40:05.175 [main] HSSFSheet - total sheet cell creation took 0ms
[INFO ] 2024-01-18 11:40:06.517 [main] MyAccountLogin - User successfully got error message
[DEBUG] 2024-01-18 12:23:19.417 [main] InternalWorkbook - Workbook (readfile) created with reclen=103
[DEBUG] 2024-01-18 12:23:19.419 [main] InternalWorkbook - found SupBook record at 54
[DEBUG] 2024-01-18 12:23:19.422 [main] InternalWorkbook - exit create workbook from existing file function
[DEBUG] 2024-01-18 12:23:19.422 [main] HSSFWorkbook - convertLabelRecords called
[DEBUG] 2024-01-18 12:23:19.422 [main] HSSFWorkbook - convertLabelRecords exit
[DEBUG] 2024-01-18 12:23:19.431 [main] InternalSheet - sheet createSheet (existing file) exited
[DEBUG] 2024-01-18 12:23:19.441 [main] HSSFSheet - Time at start of cell creating in HSSF sheet = 1705560799441
[DEBUG] 2024-01-18 12:23:19.446 [main] HSSFSheet - total sheet cell creation took 4ms
[DEBUG] 2024-01-18 12:23:19.512 [main] InternalWorkbook - Workbook (readfile) created with reclen=103
[DEBUG] 2024-01-18 12:23:19.512 [main] InternalWorkbook - found SupBook record at 54
[DEBUG] 2024-01-18 12:23:19.513 [main] InternalWorkbook - exit create workbook from existing file function
[DEBUG] 2024-01-18 12:23:19.513 [main] HSSFWorkbook - convertLabelRecords called
[DEBUG] 2024-01-18 12:23:19.513 [main] HSSFWorkbook - convertLabelRecords exit
[DEBUG] 2024-01-18 12:23:19.513 [main] InternalSheet - sheet createSheet (existing file) exited
[DEBUG] 2024-01-18 12:23:19.513 [main] HSSFSheet - Time at start of cell creating in HSSF sheet = 1705560799513
[DEBUG] 2024-01-18 12:23:19.514 [main] HSSFSheet - total sheet cell creation took 1ms
[INFO ] 2024-01-18 12:23:21.093 [main] MyAccountLogin - User successfully got error message
[DEBUG] 2024-01-18 13:53:01.325 [main] InternalWorkbook - Workbook (readfile) created with reclen=103
[DEBUG] 2024-01-18 13:53:01.331 [main] InternalWorkbook - found SupBook record at 54
[DEBUG] 2024-01-18 13:53:01.336 [main] InternalWorkbook - exit create workbook from existing file function
[DEBUG] 2024-01-18 13:53:01.336 [main] HSSFWorkbook - convertLabelRecords called
[DEBUG] 2024-01-18 13:53:01.336 [main] HSSFWorkbook - convertLabelRecords exit
[DEBUG] 2024-01-18 13:53:01.354 [main] InternalSheet - sheet createSheet (existing file) exited
[DEBUG] 2024-01-18 13:53:01.371 [main] HSSFSheet - Time at start of cell creating in HSSF sheet = 1705566181371
[DEBUG] 2024-01-18 13:53:01.380 [main] HSSFSheet - total sheet cell creation took 9ms
[DEBUG] 2024-01-18 13:53:01.479 [main] InternalWorkbook - Workbook (readfile) created with reclen=103
[DEBUG] 2024-01-18 13:53:01.480 [main] InternalWorkbook - found SupBook record at 54
[DEBUG] 2024-01-18 13:53:01.480 [main] InternalWorkbook - exit create workbook from existing file function
[DEBUG] 2024-01-18 13:53:01.480 [main] HSSFWorkbook - convertLabelRecords called
[DEBUG] 2024-01-18 13:53:01.480 [main] HSSFWorkbook - convertLabelRecords exit
[DEBUG] 2024-01-18 13:53:01.481 [main] InternalSheet - sheet createSheet (existing file) exited
[DEBUG] 2024-01-18 13:53:01.481 [main] HSSFSheet - Time at start of cell creating in HSSF sheet = 1705566181481
[DEBUG] 2024-01-18 13:53:01.481 [main] HSSFSheet - total sheet cell creation took 0ms
[INFO ] 2024-01-18 13:53:03.144 [main] MyAccountLogin - User successfully got error message
[DEBUG] 2024-02-01 11:52:14.645 [main] InternalWorkbook - Workbook (readfile) created with reclen=103
[DEBUG] 2024-02-01 11:52:14.649 [main] InternalWorkbook - found SupBook record at 54
[DEBUG] 2024-02-01 11:52:14.651 [main] InternalWorkbook - exit create workbook from existing file function
[DEBUG] 2024-02-01 11:52:14.651 [main] HSSFWorkbook - convertLabelRecords called
[DEBUG] 2024-02-01 11:52:14.651 [main] HSSFWorkbook - convertLabelRecords exit
[DEBUG] 2024-02-01 11:52:14.659 [main] InternalSheet - sheet createSheet (existing file) exited
[DEBUG] 2024-02-01 11:52:14.669 [main] HSSFSheet - Time at start of cell creating in HSSF sheet = 1706768534669
[DEBUG] 2024-02-01 11:52:14.672 [main] HSSFSheet - total sheet cell creation took 3ms
[DEBUG] 2024-02-01 11:52:14.787 [main] InternalWorkbook - Workbook (readfile) created with reclen=103
[DEBUG] 2024-02-01 11:52:14.787 [main] InternalWorkbook - found SupBook record at 54
[DEBUG] 2024-02-01 11:52:14.787 [main] InternalWorkbook - exit create workbook from existing file function
[DEBUG] 2024-02-01 11:52:14.787 [main] HSSFWorkbook - convertLabelRecords called
[DEBUG] 2024-02-01 11:52:14.787 [main] HSSFWorkbook - convertLabelRecords exit
[DEBUG] 2024-02-01 11:52:14.787 [main] InternalSheet - sheet createSheet (existing file) exited
[DEBUG] 2024-02-01 11:52:14.788 [main] HSSFSheet - Time at start of cell creating in HSSF sheet = 1706768534788
[DEBUG] 2024-02-01 11:52:14.788 [main] HSSFSheet - total sheet cell creation took 0ms
[INFO ] 2024-02-01 11:52:15.897 [main] MyAccountLogin - User successfully got error message
